2023-07-13 10:29:54,549 INFO logInfo [http-nio-8055-exec-1] - [EODEngineHandler.java:62] EODEngineProducer EOD-Engine started for EOD ID:22120700

2023-07-13 10:29:54,630 INFO logInfo [http-nio-8055-exec-1] - [EODEngineHandler.java:99] EODEngineProducer EOD-Engine completed for EOD ID:22120700

2023-07-13 10:32:49,592 INFO logInfo [http-nio-8055-exec-1] - [EODEngineHandler.java:62] EODEngineProducer EOD-Engine started for EOD ID:22120700

2023-07-13 10:33:18,681 INFO logInfo [http-nio-8055-exec-1] - [EODEngineHandler.java:99] EODEngineProducer EOD-Engine completed for EOD ID:22120700

2023-07-13 10:33:18,714 INFO logInfo [ThreadPool_011] - [EODEngineMainService.java:53] EODEngineProducer EOD-Engine main service started for EOD ID:22120700

2023-07-13 10:54:37,741 INFO logInfo [http-nio-8055-exec-1] - [EODEngineHandler.java:62] EODEngineProducer EOD-Engine started for EOD ID:22120700

2023-07-13 10:54:48,368 INFO logInfo [http-nio-8055-exec-1] - [EODEngineHandler.java:99] EODEngineProducer EOD-Engine completed for EOD ID:22120700

2023-07-13 10:57:45,556 INFO logInfo [http-nio-8055-exec-4] - [EODEngineHandler.java:62] EODEngineProducer EOD-Engine started for EOD ID:22120700

2023-07-13 10:58:00,968 INFO logInfo [http-nio-8055-exec-4] - [EODEngineHandler.java:99] EODEngineProducer EOD-Engine completed for EOD ID:22120700

2023-07-13 10:59:08,648 INFO logInfo [http-nio-8055-exec-6] - [EODEngineHandler.java:62] EODEngineProducer EOD-Engine started for EOD ID:22120700

2023-07-13 10:59:17,307 INFO logInfo [http-nio-8055-exec-6] - [EODEngineHandler.java:99] EODEngineProducer EOD-Engine completed for EOD ID:22120700

2023-07-13 11:02:33,239 INFO logInfo [http-nio-8055-exec-1] - [EODEngineHandler.java:62] EODEngineProducer EOD-Engine started for EOD ID:22120700

2023-07-13 11:02:41,246 INFO logInfo [http-nio-8055-exec-1] - [EODEngineHandler.java:99] EODEngineProducer EOD-Engine completed for EOD ID:22120700

2023-07-13 11:02:41,258 INFO logInfo [ThreadPool_011] - [EODEngineMainService.java:53] EODEngineProducer EOD-Engine main service started for EOD ID:22120700

2023-07-13 11:07:48,427 INFO logInfo [ThreadPool_011] - [EODEngineMainService.java:198] EODEngineProducer EOD-Engine hold. Process Name: Initial Process
2023-07-13 11:30:59,090 INFO logInfo [http-nio-8055-exec-1] - [EODEngineHandler.java:62] EODEngineProducer EOD-Engine started for EOD ID:22120700

2023-07-13 11:30:59,102 INFO logInfo [http-nio-8055-exec-1] - [EODEngineHandler.java:99] EODEngineProducer EOD-Engine completed for EOD ID:22120700

2023-07-13 11:30:59,123 INFO logInfo [ThreadPool_011] - [EODEngineMainService.java:53] EODEngineProducer EOD-Engine main service started for EOD ID:22120700

2023-07-13 11:31:01,241 INFO logInfo [ThreadPool_011] - [EODEngineMainService.java:186] EODEngineProducer Initial Process successfully completed.

2023-07-13 11:31:03,410 INFO logInfo [ThreadPool_011] - [EODEngineMainService.java:186] EODEngineProducer eod parameter reset process successfully completed.

2023-07-13 11:31:05,508 INFO logInfo [ThreadPool_011] - [EODEngineMainService.java:186] EODEngineProducer Card Replace successfully completed.

2023-07-13 11:35:44,608 INFO logInfo [http-nio-8055-exec-4] - [EODEngineHandler.java:62] EODEngineProducer EOD-Engine started for EOD ID:22120700

2023-07-13 11:35:44,609 INFO logInfo [http-nio-8055-exec-4] - [EODEngineHandler.java:99] EODEngineProducer EOD-Engine completed for EOD ID:22120700

2023-07-13 11:36:42,502 INFO logInfo [ThreadPool_011] - [EODEngineMainService.java:53] EODEngineProducer EOD-Engine main service started for EOD ID:22120700

2023-07-13 11:39:09,112 INFO logInfo [http-nio-8055-exec-1] - [EODEngineHandler.java:62] EODEngineProducer EOD-Engine started for EOD ID:22120700

2023-07-13 11:39:09,136 INFO logInfo [http-nio-8055-exec-1] - [EODEngineHandler.java:99] EODEngineProducer EOD-Engine completed for EOD ID:22120700

2023-07-13 11:39:09,177 INFO logInfo [ThreadPool_011] - [EODEngineMainService.java:53] EODEngineProducer EOD-Engine main service started for EOD ID:22120700

2023-07-13 11:39:11,405 INFO logInfo [ThreadPool_011] - [EODEngineMainService.java:186] EODEngineProducer Initial Process successfully completed.

2023-07-13 11:39:13,597 INFO logInfo [ThreadPool_011] - [EODEngineMainService.java:186] EODEngineProducer Card Replace successfully completed.

2023-07-13 11:45:11,489 INFO logInfo [http-nio-8055-exec-1] - [EODEngineHandler.java:62] EODEngineProducer EOD-Engine started for EOD ID:22120700

2023-07-13 11:45:30,142 INFO logInfo [http-nio-8055-exec-1] - [EODEngineHandler.java:99] EODEngineProducer EOD-Engine completed for EOD ID:22120700

2023-07-13 11:45:30,152 INFO logInfo [ThreadPool_011] - [EODEngineMainService.java:53] EODEngineProducer EOD-Engine main service started for EOD ID:22120700

2023-07-13 11:46:40,238 INFO logInfo [ThreadPool_011] - [EODEngineMainService.java:186] EODEngineProducer Initial Process successfully completed.

2023-07-13 11:47:09,753 INFO logInfo [ThreadPool_011] - [EODEngineMainService.java:186] EODEngineProducer Card Replace successfully completed.

2023-07-13 11:59:57,729 INFO logInfo [http-nio-8055-exec-1] - [EODEngineHandler.java:62] EODEngineProducer EOD-Engine started for EOD ID:22120700

2023-07-13 12:00:03,992 INFO logInfo [http-nio-8055-exec-1] - [EODEngineHandler.java:99] EODEngineProducer EOD-Engine completed for EOD ID:22120700

2023-07-13 12:00:04,004 INFO logInfo [ThreadPool_011] - [EODEngineMainService.java:53] EODEngineProducer EOD-Engine main service started for EOD ID:22120700

2023-07-13 12:06:16,328 INFO logInfo [http-nio-8055-exec-4] - [EODEngineHandler.java:62] EODEngineProducer EOD-Engine started for EOD ID:22120700

2023-07-13 12:06:16,330 INFO logInfo [http-nio-8055-exec-4] - [EODEngineHandler.java:99] EODEngineProducer EOD-Engine completed for EOD ID:22120700

2023-07-13 12:06:17,287 INFO logInfo [ThreadPool_011] - [EODEngineMainService.java:186] EODEngineProducer Initial Process successfully completed.

2023-07-13 12:06:18,793 INFO logInfo [ThreadPool_011] - [EODEngineMainService.java:53] EODEngineProducer EOD-Engine main service started for EOD ID:22120700

2023-07-13 12:08:48,654 INFO logInfo [http-nio-8055-exec-1] - [EODEngineHandler.java:62] EODEngineProducer EOD-Engine started for EOD ID:22120700

2023-07-13 12:08:54,161 INFO logInfo [http-nio-8055-exec-1] - [EODEngineHandler.java:99] EODEngineProducer EOD-Engine completed for EOD ID:22120700

2023-07-13 12:08:54,174 INFO logInfo [ThreadPool_011] - [EODEngineMainService.java:53] EODEngineProducer EOD-Engine main service started for EOD ID:22120700

2023-07-13 12:15:51,745 INFO logInfo [ThreadPool_011] - [EODEngineMainService.java:186] EODEngineProducer Initial Process successfully completed.

2023-07-13 12:15:53,208 INFO logInfo [http-nio-8055-exec-4] - [EODEngineHandler.java:62] EODEngineProducer EOD-Engine started for EOD ID:22120700

2023-07-13 12:15:57,958 INFO logInfo [http-nio-8055-exec-4] - [EODEngineHandler.java:99] EODEngineProducer EOD-Engine completed for EOD ID:22120700

2023-07-13 12:16:02,784 INFO logInfo [ThreadPool_011] - [EODEngineMainService.java:53] EODEngineProducer EOD-Engine main service started for EOD ID:22120700

2023-07-13 12:16:31,485 INFO logInfo [ThreadPool_011] - [EODEngineMainService.java:186] EODEngineProducer Initial Process successfully completed.

2023-07-13 12:19:28,227 INFO logInfo [http-nio-8055-exec-1] - [EODEngineHandler.java:62] EODEngineProducer EOD-Engine started for EOD ID:22120700

2023-07-13 12:19:28,237 INFO logInfo [http-nio-8055-exec-1] - [EODEngineHandler.java:99] EODEngineProducer EOD-Engine completed for EOD ID:22120700

2023-07-13 12:19:28,257 INFO logInfo [ThreadPool_011] - [EODEngineMainService.java:53] EODEngineProducer EOD-Engine main service started for EOD ID:22120700

2023-07-13 12:19:30,401 INFO logInfo [ThreadPool_011] - [EODEngineMainService.java:186] EODEngineProducer Initial Process successfully completed.

2023-07-13 15:52:43,704 INFO logInfo [http-nio-8055-exec-4] - [EODEngineHandler.java:62] EODEngineProducer EOD-Engine started for EOD ID:22120700

2023-07-13 15:52:43,706 INFO logInfo [http-nio-8055-exec-4] - [EODEngineHandler.java:99] EODEngineProducer EOD-Engine completed for EOD ID:22120700

2023-07-13 15:52:43,741 INFO logInfo [ThreadPool_011] - [EODEngineMainService.java:53] EODEngineProducer EOD-Engine main service started for EOD ID:22120700

2023-07-13 15:52:45,876 INFO logInfo [ThreadPool_011] - [EODEngineMainService.java:186] EODEngineProducer Initial Process successfully completed.

2023-07-13 15:52:48,028 INFO logInfo [ThreadPool_011] - [EODEngineMainService.java:186] EODEngineProducer Card Replace successfully completed.

2023-07-13 15:52:50,266 INFO logInfo [ThreadPool_011] - [EODEngineMainService.java:186] EODEngineProducer ONLINE TO BACKEND TXN SYNC successfully completed.

2023-07-13 15:52:52,366 INFO logInfo [ThreadPool_011] - [EODEngineMainService.java:186] EODEngineProducer Adjustment Process successfully completed.

2023-07-13 15:57:09,273 INFO logInfo [http-nio-8055-exec-7] - [EODEngineHandler.java:62] EODEngineProducer EOD-Engine started for EOD ID:22120700

2023-07-13 15:57:09,274 INFO logInfo [http-nio-8055-exec-7] - [EODEngineHandler.java:99] EODEngineProducer EOD-Engine completed for EOD ID:22120700

2023-07-13 15:57:09,275 INFO logInfo [ThreadPool_011] - [EODEngineMainService.java:53] EODEngineProducer EOD-Engine main service started for EOD ID:22120700

2023-07-13 15:57:11,351 INFO logInfo [ThreadPool_011] - [EODEngineMainService.java:186] EODEngineProducer Initial Process successfully completed.

2023-07-13 15:57:13,447 INFO logInfo [ThreadPool_011] - [EODEngineMainService.java:186] EODEngineProducer Card Replace successfully completed.

2023-07-13 15:57:15,522 INFO logInfo [ThreadPool_011] - [EODEngineMainService.java:186] EODEngineProducer ONLINE TO BACKEND TXN SYNC successfully completed.

2023-07-13 15:57:17,614 INFO logInfo [ThreadPool_011] - [EODEngineMainService.java:186] EODEngineProducer Adjustment Process successfully completed.

2023-07-13 16:05:27,390 INFO logInfo [http-nio-8055-exec-10] - [EODEngineHandler.java:62] EODEngineProducer EOD-Engine started for EOD ID:22120700

2023-07-13 16:05:27,390 INFO logInfo [http-nio-8055-exec-10] - [EODEngineHandler.java:99] EODEngineProducer EOD-Engine completed for EOD ID:22120700

2023-07-13 16:05:27,391 INFO logInfo [ThreadPool_011] - [EODEngineMainService.java:53] EODEngineProducer EOD-Engine main service started for EOD ID:22120700

2023-07-13 16:05:29,606 INFO logInfo [ThreadPool_011] - [EODEngineMainService.java:186] EODEngineProducer Initial Process successfully completed.

2023-07-13 16:05:31,751 INFO logInfo [ThreadPool_011] - [EODEngineMainService.java:186] EODEngineProducer Card Replace successfully completed.

2023-07-13 16:05:33,866 INFO logInfo [ThreadPool_011] - [EODEngineMainService.java:186] EODEngineProducer ONLINE TO BACKEND TXN SYNC successfully completed.

2023-07-13 16:05:35,966 INFO logInfo [ThreadPool_011] - [EODEngineMainService.java:186] EODEngineProducer Adjustment Process successfully completed.

2023-07-13 16:12:17,477 INFO logInfo [http-nio-8055-exec-3] - [EODEngineHandler.java:62] EODEngineProducer EOD-Engine started for EOD ID:22120700

2023-07-13 16:12:17,478 INFO logInfo [http-nio-8055-exec-3] - [EODEngineHandler.java:99] EODEngineProducer EOD-Engine completed for EOD ID:22120700

2023-07-13 16:12:17,482 INFO logInfo [ThreadPool_011] - [EODEngineMainService.java:53] EODEngineProducer EOD-Engine main service started for EOD ID:22120700

2023-07-13 16:12:19,737 INFO logInfo [ThreadPool_011] - [EODEngineMainService.java:186] EODEngineProducer Initial Process successfully completed.

2023-07-13 16:12:21,884 INFO logInfo [ThreadPool_011] - [EODEngineMainService.java:186] EODEngineProducer Card Replace successfully completed.

2023-07-13 16:12:24,177 INFO logInfo [ThreadPool_011] - [EODEngineMainService.java:186] EODEngineProducer Adjustment Process successfully completed.

2023-07-13 16:15:15,553 INFO logInfo [http-nio-8055-exec-6] - [EODEngineHandler.java:62] EODEngineProducer EOD-Engine started for EOD ID:22120700

2023-07-13 16:15:15,554 INFO logInfo [http-nio-8055-exec-6] - [EODEngineHandler.java:99] EODEngineProducer EOD-Engine completed for EOD ID:22120700

2023-07-13 16:15:15,556 INFO logInfo [ThreadPool_011] - [EODEngineMainService.java:53] EODEngineProducer EOD-Engine main service started for EOD ID:22120700

2023-07-13 16:15:17,663 INFO logInfo [ThreadPool_011] - [EODEngineMainService.java:186] EODEngineProducer Initial Process successfully completed.

2023-07-13 16:15:19,804 INFO logInfo [ThreadPool_011] - [EODEngineMainService.java:186] EODEngineProducer Card Replace successfully completed.

2023-07-13 16:15:21,981 INFO logInfo [ThreadPool_011] - [EODEngineMainService.java:186] EODEngineProducer Adjustment Process successfully completed.

2023-07-13 16:29:57,862 INFO logInfo [http-nio-8055-exec-9] - [EODEngineHandler.java:62] EODEngineProducer EOD-Engine started for EOD ID:22120700

2023-07-13 16:29:57,863 INFO logInfo [http-nio-8055-exec-9] - [EODEngineHandler.java:99] EODEngineProducer EOD-Engine completed for EOD ID:22120700

2023-07-13 16:29:57,866 INFO logInfo [ThreadPool_011] - [EODEngineMainService.java:53] EODEngineProducer EOD-Engine main service started for EOD ID:22120700

2023-07-13 16:30:00,131 INFO logInfo [ThreadPool_011] - [EODEngineMainService.java:186] EODEngineProducer Initial Process successfully completed.

2023-07-13 16:30:02,266 INFO logInfo [ThreadPool_011] - [EODEngineMainService.java:186] EODEngineProducer Card Replace successfully completed.

2023-07-13 16:30:04,371 INFO logInfo [ThreadPool_011] - [EODEngineMainService.java:186] EODEngineProducer Adjustment Process successfully completed.

2023-07-13 17:56:50,658 INFO logInfo [http-nio-8055-exec-2] - [EODEngineHandler.java:62] EODEngineProducer EOD-Engine started for EOD ID:22120800

2023-07-13 17:56:50,661 INFO logInfo [http-nio-8055-exec-2] - [EODEngineHandler.java:99] EODEngineProducer EOD-Engine completed for EOD ID:22120800

2023-07-13 17:56:50,770 INFO logInfo [ThreadPool_011] - [EODEngineMainService.java:53] EODEngineProducer EOD-Engine main service started for EOD ID:22120800

2023-07-13 17:56:54,057 INFO logInfo [ThreadPool_011] - [EODEngineMainService.java:186] EODEngineProducer Initial Process successfully completed.

2023-07-13 17:56:56,234 INFO logInfo [ThreadPool_011] - [EODEngineMainService.java:186] EODEngineProducer Card Replace successfully completed.

2023-07-13 17:56:58,348 INFO logInfo [ThreadPool_011] - [EODEngineMainService.java:186] EODEngineProducer Adjustment Process successfully completed.

