#
# A fatal error has been detected by the Java Runtime Environment:
#
#  EXCEPTION_ACCESS_VIOLATION (0xc0000005) at pc=0x000001c400912064, pid=12812, tid=2868
#
# JRE version: Java(TM) SE Runtime Environment 18.9 (11.0.16+11) (build 11.0.16+11-LTS-199)
# Java VM: Java HotSpot(TM) 64-Bit Server VM 18.9 (11.0.16+11-LTS-199, mixed mode, tiered, compressed oops, g1 gc, windows-amd64)
# Problematic frame:
# J 1712 c1 java.lang.reflect.AccessibleObject.checkCanSetAccessible(Ljava/lang/Class;Ljava/lang/Class;Z)Z java.base@11.0.16 (386 bytes) @ 0x000001c400912064 [0x000001c400911fc0+0x00000000000000a4]
#
# No core dump will be written. Minidumps are not enabled by default on client versions of Windows
#
# If you would like to submit a bug report, please visit:
#   https://bugreport.java.com/bugreport/crash.jsp
#

---------------  S U M M A R Y ------------

Command Line: -XX:TieredStopAtLevel=1 -Xverify:none -Dspring.output.ansi.enabled=always -Dcom.sun.management.jmxremote -Dspring.jmx.enabled=true -Dspring.liveBeansView.mbeanDomain -Dspring.application.admin.enabled=true -Dmanagement.endpoints.jmx.exposure.include=* -javaagent:C:\Users\rasintha_j\AppData\Local\JetBrains\Toolbox\apps\IDEA-U\ch-0\223.8836.41\lib\idea_rt.jar=50953:C:\Users\rasintha_j\AppData\Local\JetBrains\Toolbox\apps\IDEA-U\ch-0\223.8836.41\bin -Dfile.encoding=UTF-8 com.epic.cms.SpringCloudConfigServer

Host: Intel(R) Core(TM) i7-7600U CPU @ 2.80GHz, 4 cores, 15G,  Windows 10 , 64 bit Build 19041 (10.0.19041.1889)
Time: Sun Mar 26 09:52:58 2023 Sri Lanka Standard Time elapsed time: 236355.180899 seconds (2d 17h 39m 15s)

---------------  T H R E A D  ---------------

Current thread (0x000001c41c374800):  JavaThread "DiscoveryClient-HeartbeatExecutor-0" daemon [_thread_in_Java, id=2868, stack(0x000000321c000000,0x000000321c100000)]

Stack: [0x000000321c000000,0x000000321c100000],  sp=0x000000321c0fcb10,  free space=1010k
Native frames: (J=compiled Java code, j=interpreted, Vv=VM code, C=native code)
C  0x000001c400912064


siginfo: EXCEPTION_ACCESS_VIOLATION (0xc0000005), reading address 0x000000000000c058


Register to memory mapping:

RIP=0x000001c400912064 is at entry_point+164 in (nmethod*)0x000001c400911b10
RAX=0x0000000702248318 is an oop: java.lang.Module 
{0x0000000702248318} - klass: 'java/lang/Module'
RBX=0x000000000000c040 is an unknown value
RCX=0x000001c41c3a2b40 points into unknown readable memory: 0x0000000702559140 | 40 91 55 02 07 00 00 00
RDX=0x000000070a1ab838 is an oop: java.lang.reflect.Field 
{0x000000070a1ab838} - klass: 'java/lang/reflect/Field'
RSP=0x000000321c0fcb10 is pointing into the stack for thread: 0x000001c41c374800
RBP=0x000000321c0fe320 is pointing into the stack for thread: 0x000001c41c374800
RSI=0x0000000701e289c0 is an oop: java.lang.Module 
{0x0000000701e289c0} - klass: 'java/lang/Module'
RDI=0x0000000000000001 is an unknown value
R8 =0x0000000702559140 is an oop: java.lang.Class 
{0x0000000702559140} - klass: 'java/lang/Class'
R9 =0x0000000702a4b018 is pointing into object: java.lang.String 
{0x0000000702a4b010} - klass: 'java/lang/String'
R10=0x0000000702248e68 is an oop: java.lang.Class 
{0x0000000702248e68} - klass: 'java/lang/Class'
R11=0x000000321c0fcc10 is pointing into the stack for thread: 0x000001c41c374800
R12=0x0 is NULL
R13=0x000000000000001a is an unknown value
R14=0x000000321c0fcc80 is pointing into the stack for thread: 0x000001c41c374800
R15=0x000001c41c374800 is a thread


Registers:
RAX=0x0000000702248318, RBX=0x000000000000c040, RCX=0x000001c41c3a2b40, RDX=0x000000070a1ab838
RSP=0x000000321c0fcb10, RBP=0x000000321c0fe320, RSI=0x0000000701e289c0, RDI=0x0000000000000001
R8 =0x0000000702559140, R9 =0x0000000702a4b018, R10=0x0000000702248e68, R11=0x000000321c0fcc10
R12=0x0000000000000000, R13=0x000000000000001a, R14=0x000000321c0fcc80, R15=0x000001c41c374800
RIP=0x000001c400912064, EFLAGS=0x0000000000010293

Top of Stack: (sp=0x000000321c0fcb10)
0x000000321c0fcb10:   000000321c0fe320 0000000000000000
0x000000321c0fcb20:   00000007036a5ba8 000000070a1cf6f0
0x000000321c0fcb30:   00000007036aa060 0000000006970aea
0x000000321c0fcb40:   00000007036aa080 000001c401142803
0x000000321c0fcb50:   00000007036acb18 000000070a1b5f70
0x000000321c0fcb60:   000000070a1d61a0 000000071fd0b1a8
0x000000321c0fcb70:   000000321c0fe320 000001c400ffb92c
0x000000321c0fcb80:   000000070a1ccf08 0000000000000000
0x000000321c0fcb90:   000000321c0fe320 000001c4006d8444
0x000000321c0fcba0:   000000070258d598 000000070a1ab838
0x000000321c0fcbb0:   0000000702a4b018 0000000701e289c0
0x000000321c0fcbc0:   000000000000c040 0000000702559140
0x000000321c0fcbd0:   000001c400000001 000000070a1d8600
0x000000321c0fcbe0:   0000000000000001 000001c41ab68520
0x000000321c0fcbf0:   000000000000003b 00007fff1718668c
0x000000321c0fcc00:   00002fd10bd23246 00007ffedd2a799e 

Instructions: (pc=0x000001c400912064)
0x000001c400912044:   0f 84 1a 0e 00 00 48 b8 20 ff 23 02 07 00 00 00
0x000001c400912054:   8b 40 18 48 c1 e0 03 48 3b f0 0f 84 e8 0d 00 00
0x000001c400912064:   8b 43 18 48 c1 e0 03 48 83 f8 00 b8 00 00 00 00
0x000001c400912074:   0f 84 05 00 00 00 b8 01 00 00 00 83 e0 01 83 f8 


Stack slot to memory mapping:
stack at sp + 0 slots: 0x000000321c0fe320 is pointing into the stack for thread: 0x000001c41c374800
stack at sp + 1 slots: 0x0 is NULL
stack at sp + 2 slots: 0x00000007036a5ba8 is an oop: com.fasterxml.jackson.core.util.InternCache 
{0x00000007036a5ba8} - klass: 'com/fasterxml/jackson/core/util/InternCache'
stack at sp + 3 slots: 0x000000070a1cf6f0 is an oop: java.lang.String 
{0x000000070a1cf6f0} - klass: 'java/lang/String'
stack at sp + 4 slots: 0x00000007036aa060 is an oop: java.util.concurrent.ConcurrentHashMap$Node 
{0x00000007036aa060} - klass: 'java/util/concurrent/ConcurrentHashMap$Node'
stack at sp + 5 slots: 0x0000000006970aea is an unknown value
stack at sp + 6 slots: 0x00000007036aa080 is an oop: java.util.concurrent.ConcurrentHashMap$Node 
{0x00000007036aa080} - klass: 'java/util/concurrent/ConcurrentHashMap$Node'
stack at sp + 7 slots: 0x000001c401142803 is at entry_point+451 in (nmethod*)0x000001c401142490



---------------  P R O C E S S  ---------------

Threads class SMR info:
_java_thread_list=0x000001c41c2e5570, length=36, elements={
0x000001c417bc5000, 0x000001c417bce800, 0x000001c417339000, 0x000001c41733a800,
0x000001c41733b800, 0x000001c417c26800, 0x000001c417c28800, 0x000001c417bc0800,
0x000001c4183fd800, 0x000001c418570000, 0x000001c419442000, 0x000001c419db1800,
0x000001c419de3800, 0x000001c419e24800, 0x000001c419fde000, 0x000001c41bf9b000,
0x000001c41bf97800, 0x000001c41bf99000, 0x000001c41bf96800, 0x000001c41bf9b800,
0x000001c41bf9a000, 0x000001c41bf9c800, 0x000001c41bf9d800, 0x000001c41c36e000,
0x000001c41c370800, 0x000001c41c36e800, 0x000001c41c36d000, 0x000001c41c36f800,
0x000001c41c372000, 0x000001c41c36c800, 0x000001c41c373800, 0x000001c41c373000,
0x000001c41c374800, 0x000001c41c371000, 0x000001c41c37a000, 0x000001c41c378800
}

Java Threads: ( => current thread )
  0x000001c417bc5000 JavaThread "Reference Handler" daemon [_thread_blocked, id=17520, stack(0x0000003219800000,0x0000003219900000)]
  0x000001c417bce800 JavaThread "Finalizer" daemon [_thread_blocked, id=10592, stack(0x0000003219900000,0x0000003219a00000)]
  0x000001c417339000 JavaThread "Signal Dispatcher" daemon [_thread_blocked, id=10460, stack(0x0000003219a00000,0x0000003219b00000)]
  0x000001c41733a800 JavaThread "Attach Listener" daemon [_thread_blocked, id=11972, stack(0x0000003219b00000,0x0000003219c00000)]
  0x000001c41733b800 JavaThread "Service Thread" daemon [_thread_blocked, id=1608, stack(0x0000003219c00000,0x0000003219d00000)]
  0x000001c417c26800 JavaThread "C1 CompilerThread0" daemon [_thread_blocked, id=8384, stack(0x0000003219d00000,0x0000003219e00000)]
  0x000001c417c28800 JavaThread "Sweeper thread" daemon [_thread_blocked, id=13596, stack(0x0000003219e00000,0x0000003219f00000)]
  0x000001c417bc0800 JavaThread "Common-Cleaner" daemon [_thread_blocked, id=12552, stack(0x0000003219f00000,0x000000321a000000)]
  0x000001c4183fd800 JavaThread "Monitor Ctrl-Break" daemon [_thread_in_native, id=2144, stack(0x000000321a000000,0x000000321a100000)]
  0x000001c418570000 JavaThread "RMI TCP Accept-0" daemon [_thread_in_native, id=18492, stack(0x000000321a500000,0x000000321a600000)]
  0x000001c419442000 JavaThread "RMI Scheduler(0)" daemon [_thread_blocked, id=17004, stack(0x000000321a800000,0x000000321a900000)]
  0x000001c419db1800 JavaThread "Catalina-utility-1" [_thread_blocked, id=14164, stack(0x000000321a900000,0x000000321aa00000)]
  0x000001c419de3800 JavaThread "Catalina-utility-2" [_thread_blocked, id=16352, stack(0x000000321aa00000,0x000000321ab00000)]
  0x000001c419e24800 JavaThread "container-0" [_thread_blocked, id=10868, stack(0x000000321ab00000,0x000000321ac00000)]
  0x000001c419fde000 JavaThread "spring.cloud.inetutils" daemon [_thread_blocked, id=15812, stack(0x000000321ac00000,0x000000321ad00000)]
  0x000001c41bf9b000 JavaThread "JGit-WorkQueue" daemon [_thread_blocked, id=8268, stack(0x000000321af00000,0x000000321b000000)]
  0x000001c41bf97800 JavaThread "AsyncResolver-bootstrap-0" daemon [_thread_blocked, id=10456, stack(0x000000321b000000,0x000000321b100000)]
  0x000001c41bf99000 JavaThread "DiscoveryClient-0" daemon [_thread_blocked, id=7600, stack(0x000000321b100000,0x000000321b200000)]
  0x000001c41bf96800 JavaThread "DiscoveryClient-1" daemon [_thread_blocked, id=19156, stack(0x000000321b200000,0x000000321b300000)]
  0x000001c41bf9b800 JavaThread "DiscoveryClient-InstanceInfoReplicator-0" daemon [_thread_blocked, id=16608, stack(0x000000321b300000,0x000000321b400000)]
  0x000001c41bf9a000 JavaThread "http-nio-8888-exec-1" daemon [_thread_blocked, id=1164, stack(0x000000321b400000,0x000000321b500000)]
  0x000001c41bf9c800 JavaThread "http-nio-8888-exec-2" daemon [_thread_blocked, id=588, stack(0x000000321b500000,0x000000321b600000)]
  0x000001c41bf9d800 JavaThread "http-nio-8888-exec-3" daemon [_thread_blocked, id=17252, stack(0x000000321b600000,0x000000321b700000)]
  0x000001c41c36e000 JavaThread "http-nio-8888-exec-4" daemon [_thread_blocked, id=13068, stack(0x000000321b700000,0x000000321b800000)]
  0x000001c41c370800 JavaThread "http-nio-8888-exec-5" daemon [_thread_blocked, id=19164, stack(0x000000321b800000,0x000000321b900000)]
  0x000001c41c36e800 JavaThread "http-nio-8888-exec-6" daemon [_thread_blocked, id=13072, stack(0x000000321b900000,0x000000321ba00000)]
  0x000001c41c36d000 JavaThread "http-nio-8888-exec-7" daemon [_thread_blocked, id=11844, stack(0x000000321ba00000,0x000000321bb00000)]
  0x000001c41c36f800 JavaThread "http-nio-8888-exec-8" daemon [_thread_blocked, id=19120, stack(0x000000321bb00000,0x000000321bc00000)]
  0x000001c41c372000 JavaThread "http-nio-8888-exec-9" daemon [_thread_blocked, id=1352, stack(0x000000321bc00000,0x000000321bd00000)]
  0x000001c41c36c800 JavaThread "http-nio-8888-exec-10" daemon [_thread_blocked, id=8492, stack(0x000000321bd00000,0x000000321be00000)]
  0x000001c41c373800 JavaThread "http-nio-8888-Poller" daemon [_thread_in_native, id=12136, stack(0x000000321be00000,0x000000321bf00000)]
  0x000001c41c373000 JavaThread "http-nio-8888-Acceptor" daemon [_thread_in_native, id=12616, stack(0x000000321bf00000,0x000000321c000000)]
=>0x000001c41c374800 JavaThread "DiscoveryClient-HeartbeatExecutor-0" daemon [_thread_in_Java, id=2868, stack(0x000000321c000000,0x000000321c100000)]
  0x000001c41c371000 JavaThread "DestroyJavaVM" [_thread_blocked, id=10192, stack(0x0000003219100000,0x0000003219200000)]
  0x000001c41c37a000 JavaThread "DiscoveryClient-CacheRefreshExecutor-0" daemon [_thread_blocked, id=9508, stack(0x0000003219000000,0x0000003219100000)]
  0x000001c41c378800 JavaThread "AsyncResolver-bootstrap-executor-0" daemon [_thread_blocked, id=16632, stack(0x000000321a700000,0x000000321a800000)]

Other Threads:
  0x000001c41730e800 VMThread "VM Thread" [stack: 0x0000003219700000,0x0000003219800000] [id=16572]
  0x000001c418543800 WatcherThread [stack: 0x000000321a600000,0x000000321a700000] [id=7456]
  0x000001c474868800 GCTaskThread "GC Thread#0" [stack: 0x0000003219200000,0x0000003219300000] [id=14452]
  0x000001c41855c000 GCTaskThread "GC Thread#1" [stack: 0x000000321a100000,0x000000321a200000] [id=17624]
  0x000001c41854a800 GCTaskThread "GC Thread#2" [stack: 0x000000321a200000,0x000000321a300000] [id=9432]
  0x000001c41854b800 GCTaskThread "GC Thread#3" [stack: 0x000000321a300000,0x000000321a400000] [id=18488]
  0x000001c4748c5000 ConcurrentGCThread "G1 Main Marker" [stack: 0x0000003219300000,0x0000003219400000] [id=7684]
  0x000001c4748c6800 ConcurrentGCThread "G1 Conc#0" [stack: 0x0000003219400000,0x0000003219500000] [id=5104]
  0x000001c4171f8800 ConcurrentGCThread "G1 Refine#0" [stack: 0x0000003219500000,0x0000003219600000] [id=18700]
  0x000001c417ec1800 ConcurrentGCThread "G1 Refine#1" [stack: 0x000000321a400000,0x000000321a500000] [id=17724]
  0x000001c4171f9800 ConcurrentGCThread "G1 Young RemSet Sampling" [stack: 0x0000003219600000,0x0000003219700000] [id=19236]

Threads with active compile tasks:

VM state:not at safepoint (normal execution)

VM Mutex/Monitor currently owned by a thread: None

Heap address: 0x0000000701c00000, size: 4068 MB, Compressed Oops mode: Zero based, Oop shift amount: 3
Narrow klass base: 0x0000000800000000, Narrow klass shift: 0
Compressed class space size: 1073741824 Address: 0x0000000800000000

Heap:
 garbage-first heap   total 262144K, used 155884K [0x0000000701c00000, 0x0000000800000000)
  region size 1024K, 124 young (126976K), 1 survivors (1024K)
 Metaspace       used 60168K, capacity 62357K, committed 62544K, reserved 1103872K
  class space    used 7852K, capacity 8732K, committed 8832K, reserved 1048576K
Heap Regions: E=young(eden), S=young(survivor), O=old, HS=humongous(starts), HC=humongous(continues), CS=collection set, F=free, A=archive, TAMS=top-at-mark-start (previous, next)
|   0|0x0000000701c00000, 0x0000000701d00000, 0x0000000701d00000|100%| O|  |TAMS 0x0000000701d00000, 0x0000000701c00000| Untracked 
|   1|0x0000000701d00000, 0x0000000701e00000, 0x0000000701e00000|100%| O|  |TAMS 0x0000000701e00000, 0x0000000701d00000| Untracked 
|   2|0x0000000701e00000, 0x0000000701f00000, 0x0000000701f00000|100%| O|  |TAMS 0x0000000701f00000, 0x0000000701e00000| Untracked 
|   3|0x0000000701f00000, 0x0000000702000000, 0x0000000702000000|100%| O|  |TAMS 0x0000000702000000, 0x0000000701f00000| Untracked 
|   4|0x0000000702000000, 0x0000000702100000, 0x0000000702100000|100%| O|  |TAMS 0x0000000702100000, 0x0000000702000000| Untracked 
|   5|0x0000000702100000, 0x0000000702200000, 0x0000000702200000|100%| O|  |TAMS 0x0000000702200000, 0x0000000702100000| Untracked 
|   6|0x0000000702200000, 0x0000000702300000, 0x0000000702300000|100%| O|  |TAMS 0x0000000702300000, 0x0000000702200000| Untracked 
|   7|0x0000000702300000, 0x0000000702400000, 0x0000000702400000|100%| O|  |TAMS 0x0000000702400000, 0x0000000702300000| Untracked 
|   8|0x0000000702400000, 0x0000000702500000, 0x0000000702500000|100%| O|  |TAMS 0x0000000702500000, 0x0000000702400000| Untracked 
|   9|0x0000000702500000, 0x0000000702600000, 0x0000000702600000|100%| O|  |TAMS 0x0000000702600000, 0x0000000702500000| Untracked 
|  10|0x0000000702600000, 0x0000000702700000, 0x0000000702700000|100%| O|  |TAMS 0x0000000702700000, 0x0000000702600000| Untracked 
|  11|0x0000000702700000, 0x0000000702800000, 0x0000000702800000|100%| O|  |TAMS 0x0000000702800000, 0x0000000702700000| Untracked 
|  12|0x0000000702800000, 0x0000000702900000, 0x0000000702900000|100%| O|  |TAMS 0x0000000702900000, 0x0000000702800000| Untracked 
|  13|0x0000000702900000, 0x0000000702a00000, 0x0000000702a00000|100%| O|  |TAMS 0x0000000702900000, 0x0000000702900000| Untracked 
|  14|0x0000000702a00000, 0x0000000702b00000, 0x0000000702b00000|100%| O|  |TAMS 0x0000000702a00000, 0x0000000702a00000| Untracked 
|  15|0x0000000702b00000, 0x0000000702c00000, 0x0000000702c00000|100%| O|  |TAMS 0x0000000702c00000, 0x0000000702b00000| Untracked 
|  16|0x0000000702c00000, 0x0000000702d00000, 0x0000000702d00000|100%| O|  |TAMS 0x0000000702d00000, 0x0000000702c00000| Untracked 
|  17|0x0000000702d00000, 0x0000000702e00000, 0x0000000702e00000|100%| O|  |TAMS 0x0000000702e00000, 0x0000000702d00000| Untracked 
|  18|0x0000000702e00000, 0x0000000702f00000, 0x0000000702f00000|100%| O|  |TAMS 0x0000000702e90200, 0x0000000702e00000| Untracked 
|  19|0x0000000702f00000, 0x0000000703000000, 0x0000000703000000|100%| O|  |TAMS 0x0000000702f00000, 0x0000000702f00000| Untracked 
|  20|0x0000000703000000, 0x0000000703100000, 0x0000000703100000|100%| O|  |TAMS 0x0000000703000000, 0x0000000703000000| Untracked 
|  21|0x0000000703100000, 0x0000000703200000, 0x0000000703200000|100%| O|  |TAMS 0x0000000703100000, 0x0000000703100000| Untracked 
|  22|0x0000000703200000, 0x0000000703300000, 0x0000000703300000|100%| O|  |TAMS 0x0000000703200000, 0x0000000703200000| Untracked 
|  23|0x0000000703300000, 0x0000000703400000, 0x0000000703400000|100%| O|  |TAMS 0x0000000703300000, 0x0000000703300000| Untracked 
|  24|0x0000000703400000, 0x0000000703500000, 0x0000000703500000|100%| O|  |TAMS 0x0000000703400000, 0x0000000703400000| Untracked 
|  25|0x0000000703500000, 0x0000000703600000, 0x0000000703600000|100%| O|  |TAMS 0x0000000703500000, 0x0000000703500000| Untracked 
|  26|0x0000000703600000, 0x0000000703700000, 0x0000000703700000|100%| O|  |TAMS 0x0000000703600000, 0x0000000703600000| Untracked 
|  27|0x0000000703700000, 0x0000000703800000, 0x0000000703800000|100%| O|  |TAMS 0x0000000703700000, 0x0000000703700000| Untracked 
|  28|0x0000000703800000, 0x0000000703900000, 0x0000000703900000|100%| O|  |TAMS 0x0000000703800000, 0x0000000703800000| Untracked 
|  29|0x0000000703900000, 0x0000000703987800, 0x0000000703a00000| 52%| O|  |TAMS 0x0000000703900000, 0x0000000703900000| Untracked 
|  30|0x0000000703a00000, 0x0000000703a00000, 0x0000000703b00000|  0%| F|  |TAMS 0x0000000703a00000, 0x0000000703a00000| Untracked 
|  31|0x0000000703b00000, 0x0000000703b00000, 0x0000000703c00000|  0%| F|  |TAMS 0x0000000703b00000, 0x0000000703b00000| Untracked 
|  32|0x0000000703c00000, 0x0000000703c00000, 0x0000000703d00000|  0%| F|  |TAMS 0x0000000703c00000, 0x0000000703c00000| Untracked 
|  33|0x0000000703d00000, 0x0000000703d00000, 0x0000000703e00000|  0%| F|  |TAMS 0x0000000703d00000, 0x0000000703d00000| Untracked 
|  34|0x0000000703e00000, 0x0000000703e00000, 0x0000000703f00000|  0%| F|  |TAMS 0x0000000703e00000, 0x0000000703e00000| Untracked 
|  35|0x0000000703f00000, 0x0000000703f00000, 0x0000000704000000|  0%| F|  |TAMS 0x0000000703f00000, 0x0000000703f00000| Untracked 
|  36|0x0000000704000000, 0x0000000704000000, 0x0000000704100000|  0%| F|  |TAMS 0x0000000704000000, 0x0000000704000000| Untracked 
|  37|0x0000000704100000, 0x0000000704100000, 0x0000000704200000|  0%| F|  |TAMS 0x0000000704100000, 0x0000000704100000| Untracked 
|  38|0x0000000704200000, 0x0000000704200000, 0x0000000704300000|  0%| F|  |TAMS 0x0000000704200000, 0x0000000704200000| Untracked 
|  39|0x0000000704300000, 0x0000000704300000, 0x0000000704400000|  0%| F|  |TAMS 0x0000000704300000, 0x0000000704300000| Untracked 
|  40|0x0000000704400000, 0x0000000704400000, 0x0000000704500000|  0%| F|  |TAMS 0x0000000704400000, 0x0000000704400000| Untracked 
|  41|0x0000000704500000, 0x0000000704500000, 0x0000000704600000|  0%| F|  |TAMS 0x0000000704500000, 0x0000000704500000| Untracked 
|  42|0x0000000704600000, 0x0000000704600000, 0x0000000704700000|  0%| F|  |TAMS 0x0000000704600000, 0x0000000704600000| Untracked 
|  43|0x0000000704700000, 0x0000000704700000, 0x0000000704800000|  0%| F|  |TAMS 0x0000000704700000, 0x0000000704700000| Untracked 
|  44|0x0000000704800000, 0x0000000704800000, 0x0000000704900000|  0%| F|  |TAMS 0x0000000704800000, 0x0000000704800000| Untracked 
|  45|0x0000000704900000, 0x0000000704900000, 0x0000000704a00000|  0%| F|  |TAMS 0x0000000704900000, 0x0000000704900000| Untracked 
|  46|0x0000000704a00000, 0x0000000704a00000, 0x0000000704b00000|  0%| F|  |TAMS 0x0000000704a00000, 0x0000000704a00000| Untracked 
|  47|0x0000000704b00000, 0x0000000704b00000, 0x0000000704c00000|  0%| F|  |TAMS 0x0000000704b00000, 0x0000000704b00000| Untracked 
|  48|0x0000000704c00000, 0x0000000704c00000, 0x0000000704d00000|  0%| F|  |TAMS 0x0000000704c00000, 0x0000000704c00000| Untracked 
|  49|0x0000000704d00000, 0x0000000704d00000, 0x0000000704e00000|  0%| F|  |TAMS 0x0000000704d00000, 0x0000000704d00000| Untracked 
|  50|0x0000000704e00000, 0x0000000704e00000, 0x0000000704f00000|  0%| F|  |TAMS 0x0000000704e00000, 0x0000000704e00000| Untracked 
|  51|0x0000000704f00000, 0x0000000704f00000, 0x0000000705000000|  0%| F|  |TAMS 0x0000000704f00000, 0x0000000704f00000| Untracked 
|  52|0x0000000705000000, 0x0000000705000000, 0x0000000705100000|  0%| F|  |TAMS 0x0000000705000000, 0x0000000705000000| Untracked 
|  53|0x0000000705100000, 0x0000000705100000, 0x0000000705200000|  0%| F|  |TAMS 0x0000000705100000, 0x0000000705100000| Untracked 
|  54|0x0000000705200000, 0x0000000705200000, 0x0000000705300000|  0%| F|  |TAMS 0x0000000705200000, 0x0000000705200000| Untracked 
|  55|0x0000000705300000, 0x0000000705300000, 0x0000000705400000|  0%| F|  |TAMS 0x0000000705300000, 0x0000000705300000| Untracked 
|  56|0x0000000705400000, 0x0000000705400000, 0x0000000705500000|  0%| F|  |TAMS 0x0000000705400000, 0x0000000705400000| Untracked 
|  57|0x0000000705500000, 0x0000000705500000, 0x0000000705600000|  0%| F|  |TAMS 0x0000000705500000, 0x0000000705500000| Untracked 
|  58|0x0000000705600000, 0x0000000705600000, 0x0000000705700000|  0%| F|  |TAMS 0x0000000705600000, 0x0000000705600000| Untracked 
|  59|0x0000000705700000, 0x0000000705700000, 0x0000000705800000|  0%| F|  |TAMS 0x0000000705700000, 0x0000000705700000| Untracked 
|  60|0x0000000705800000, 0x0000000705800000, 0x0000000705900000|  0%| F|  |TAMS 0x0000000705800000, 0x0000000705800000| Untracked 
|  61|0x0000000705900000, 0x0000000705900000, 0x0000000705a00000|  0%| F|  |TAMS 0x0000000705900000, 0x0000000705900000| Untracked 
|  62|0x0000000705a00000, 0x0000000705a00000, 0x0000000705b00000|  0%| F|  |TAMS 0x0000000705a00000, 0x0000000705a00000| Untracked 
|  63|0x0000000705b00000, 0x0000000705b00000, 0x0000000705c00000|  0%| F|  |TAMS 0x0000000705b00000, 0x0000000705b00000| Untracked 
|  64|0x0000000705c00000, 0x0000000705c00000, 0x0000000705d00000|  0%| F|  |TAMS 0x0000000705c00000, 0x0000000705c00000| Untracked 
|  65|0x0000000705d00000, 0x0000000705d00000, 0x0000000705e00000|  0%| F|  |TAMS 0x0000000705d00000, 0x0000000705d00000| Untracked 
|  66|0x0000000705e00000, 0x0000000705e00000, 0x0000000705f00000|  0%| F|  |TAMS 0x0000000705e00000, 0x0000000705e00000| Untracked 
|  67|0x0000000705f00000, 0x0000000705f00000, 0x0000000706000000|  0%| F|  |TAMS 0x0000000705f00000, 0x0000000705f00000| Untracked 
|  68|0x0000000706000000, 0x0000000706000000, 0x0000000706100000|  0%| F|  |TAMS 0x0000000706000000, 0x0000000706000000| Untracked 
|  69|0x0000000706100000, 0x0000000706100000, 0x0000000706200000|  0%| F|  |TAMS 0x0000000706100000, 0x0000000706100000| Untracked 
|  70|0x0000000706200000, 0x0000000706200000, 0x0000000706300000|  0%| F|  |TAMS 0x0000000706200000, 0x0000000706200000| Untracked 
|  71|0x0000000706300000, 0x0000000706300000, 0x0000000706400000|  0%| F|  |TAMS 0x0000000706300000, 0x0000000706300000| Untracked 
|  72|0x0000000706400000, 0x0000000706400000, 0x0000000706500000|  0%| F|  |TAMS 0x0000000706400000, 0x0000000706400000| Untracked 
|  73|0x0000000706500000, 0x0000000706500000, 0x0000000706600000|  0%| F|  |TAMS 0x0000000706500000, 0x0000000706500000| Untracked 
|  74|0x0000000706600000, 0x0000000706600000, 0x0000000706700000|  0%| F|  |TAMS 0x0000000706600000, 0x0000000706600000| Untracked 
|  75|0x0000000706700000, 0x0000000706700000, 0x0000000706800000|  0%| F|  |TAMS 0x0000000706700000, 0x0000000706700000| Untracked 
|  76|0x0000000706800000, 0x0000000706800000, 0x0000000706900000|  0%| F|  |TAMS 0x0000000706800000, 0x0000000706800000| Untracked 
|  77|0x0000000706900000, 0x0000000706900000, 0x0000000706a00000|  0%| F|  |TAMS 0x0000000706900000, 0x0000000706900000| Untracked 
|  78|0x0000000706a00000, 0x0000000706a00000, 0x0000000706b00000|  0%| F|  |TAMS 0x0000000706a00000, 0x0000000706a00000| Untracked 
|  79|0x0000000706b00000, 0x0000000706b00000, 0x0000000706c00000|  0%| F|  |TAMS 0x0000000706b00000, 0x0000000706b00000| Untracked 
|  80|0x0000000706c00000, 0x0000000706c00000, 0x0000000706d00000|  0%| F|  |TAMS 0x0000000706c00000, 0x0000000706c00000| Untracked 
|  81|0x0000000706d00000, 0x0000000706d00000, 0x0000000706e00000|  0%| F|  |TAMS 0x0000000706d00000, 0x0000000706d00000| Untracked 
|  82|0x0000000706e00000, 0x0000000706e00000, 0x0000000706f00000|  0%| F|  |TAMS 0x0000000706e00000, 0x0000000706e00000| Untracked 
|  83|0x0000000706f00000, 0x0000000706f00000, 0x0000000707000000|  0%| F|  |TAMS 0x0000000706f00000, 0x0000000706f00000| Untracked 
|  84|0x0000000707000000, 0x0000000707000000, 0x0000000707100000|  0%| F|  |TAMS 0x0000000707000000, 0x0000000707000000| Untracked 
|  85|0x0000000707100000, 0x0000000707100000, 0x0000000707200000|  0%| F|  |TAMS 0x0000000707100000, 0x0000000707100000| Untracked 
|  86|0x0000000707200000, 0x0000000707200000, 0x0000000707300000|  0%| F|  |TAMS 0x0000000707200000, 0x0000000707200000| Untracked 
|  87|0x0000000707300000, 0x0000000707300000, 0x0000000707400000|  0%| F|  |TAMS 0x0000000707300000, 0x0000000707300000| Untracked 
|  88|0x0000000707400000, 0x0000000707400000, 0x0000000707500000|  0%| F|  |TAMS 0x0000000707400000, 0x0000000707400000| Untracked 
|  89|0x0000000707500000, 0x0000000707500000, 0x0000000707600000|  0%| F|  |TAMS 0x0000000707500000, 0x0000000707500000| Untracked 
|  90|0x0000000707600000, 0x0000000707600000, 0x0000000707700000|  0%| F|  |TAMS 0x0000000707600000, 0x0000000707600000| Untracked 
|  91|0x0000000707700000, 0x0000000707700000, 0x0000000707800000|  0%| F|  |TAMS 0x0000000707700000, 0x0000000707700000| Untracked 
|  92|0x0000000707800000, 0x0000000707800000, 0x0000000707900000|  0%| F|  |TAMS 0x0000000707800000, 0x0000000707800000| Untracked 
|  93|0x0000000707900000, 0x0000000707900000, 0x0000000707a00000|  0%| F|  |TAMS 0x0000000707900000, 0x0000000707900000| Untracked 
|  94|0x0000000707a00000, 0x0000000707a00000, 0x0000000707b00000|  0%| F|  |TAMS 0x0000000707a00000, 0x0000000707a00000| Untracked 
|  95|0x0000000707b00000, 0x0000000707b00000, 0x0000000707c00000|  0%| F|  |TAMS 0x0000000707b00000, 0x0000000707b00000| Untracked 
|  96|0x0000000707c00000, 0x0000000707c00000, 0x0000000707d00000|  0%| F|  |TAMS 0x0000000707c00000, 0x0000000707c00000| Untracked 
|  97|0x0000000707d00000, 0x0000000707d00000, 0x0000000707e00000|  0%| F|  |TAMS 0x0000000707d00000, 0x0000000707d00000| Untracked 
|  98|0x0000000707e00000, 0x0000000707e00000, 0x0000000707f00000|  0%| F|  |TAMS 0x0000000707e00000, 0x0000000707e00000| Untracked 
|  99|0x0000000707f00000, 0x0000000707f00000, 0x0000000708000000|  0%| F|  |TAMS 0x0000000707f00000, 0x0000000707f00000| Untracked 
| 100|0x0000000708000000, 0x0000000708000000, 0x0000000708100000|  0%| F|  |TAMS 0x0000000708000000, 0x0000000708000000| Untracked 
| 101|0x0000000708100000, 0x0000000708100000, 0x0000000708200000|  0%| F|  |TAMS 0x0000000708100000, 0x0000000708100000| Untracked 
| 102|0x0000000708200000, 0x0000000708200000, 0x0000000708300000|  0%| F|  |TAMS 0x0000000708200000, 0x0000000708200000| Untracked 
| 103|0x0000000708300000, 0x00000007083b3808, 0x0000000708400000| 70%| S|CS|TAMS 0x0000000708300000, 0x0000000708300000| Complete 
| 104|0x0000000708400000, 0x0000000708400000, 0x0000000708500000|  0%| F|  |TAMS 0x0000000708400000, 0x0000000708400000| Untracked 
| 105|0x0000000708500000, 0x0000000708500000, 0x0000000708600000|  0%| F|  |TAMS 0x0000000708500000, 0x0000000708500000| Untracked 
| 106|0x0000000708600000, 0x0000000708600000, 0x0000000708700000|  0%| F|  |TAMS 0x0000000708600000, 0x0000000708600000| Untracked 
| 107|0x0000000708700000, 0x0000000708700000, 0x0000000708800000|  0%| F|  |TAMS 0x0000000708700000, 0x0000000708700000| Untracked 
| 108|0x0000000708800000, 0x0000000708800000, 0x0000000708900000|  0%| F|  |TAMS 0x0000000708800000, 0x0000000708800000| Untracked 
| 109|0x0000000708900000, 0x0000000708900000, 0x0000000708a00000|  0%| F|  |TAMS 0x0000000708900000, 0x0000000708900000| Untracked 
| 110|0x0000000708a00000, 0x0000000708a00000, 0x0000000708b00000|  0%| F|  |TAMS 0x0000000708a00000, 0x0000000708a00000| Untracked 
| 111|0x0000000708b00000, 0x0000000708b00000, 0x0000000708c00000|  0%| F|  |TAMS 0x0000000708b00000, 0x0000000708b00000| Untracked 
| 112|0x0000000708c00000, 0x0000000708c00000, 0x0000000708d00000|  0%| F|  |TAMS 0x0000000708c00000, 0x0000000708c00000| Untracked 
| 113|0x0000000708d00000, 0x0000000708d00000, 0x0000000708e00000|  0%| F|  |TAMS 0x0000000708d00000, 0x0000000708d00000| Untracked 
| 114|0x0000000708e00000, 0x0000000708e00000, 0x0000000708f00000|  0%| F|  |TAMS 0x0000000708e00000, 0x0000000708e00000| Untracked 
| 115|0x0000000708f00000, 0x0000000708f00000, 0x0000000709000000|  0%| F|  |TAMS 0x0000000708f00000, 0x0000000708f00000| Untracked 
| 116|0x0000000709000000, 0x0000000709000000, 0x0000000709100000|  0%| F|  |TAMS 0x0000000709000000, 0x0000000709000000| Untracked 
| 117|0x0000000709100000, 0x0000000709100000, 0x0000000709200000|  0%| F|  |TAMS 0x0000000709100000, 0x0000000709100000| Untracked 
| 118|0x0000000709200000, 0x0000000709200000, 0x0000000709300000|  0%| F|  |TAMS 0x0000000709200000, 0x0000000709200000| Untracked 
| 119|0x0000000709300000, 0x0000000709300000, 0x0000000709400000|  0%| F|  |TAMS 0x0000000709300000, 0x0000000709300000| Untracked 
| 120|0x0000000709400000, 0x0000000709400000, 0x0000000709500000|  0%| F|  |TAMS 0x0000000709400000, 0x0000000709400000| Untracked 
| 121|0x0000000709500000, 0x0000000709500000, 0x0000000709600000|  0%| F|  |TAMS 0x0000000709500000, 0x0000000709500000| Untracked 
| 122|0x0000000709600000, 0x0000000709600000, 0x0000000709700000|  0%| F|  |TAMS 0x0000000709600000, 0x0000000709600000| Untracked 
| 123|0x0000000709700000, 0x0000000709700000, 0x0000000709800000|  0%| F|  |TAMS 0x0000000709700000, 0x0000000709700000| Untracked 
| 124|0x0000000709800000, 0x0000000709800000, 0x0000000709900000|  0%| F|  |TAMS 0x0000000709800000, 0x0000000709800000| Untracked 
| 125|0x0000000709900000, 0x0000000709900000, 0x0000000709a00000|  0%| F|  |TAMS 0x0000000709900000, 0x0000000709900000| Untracked 
| 126|0x0000000709a00000, 0x0000000709a00000, 0x0000000709b00000|  0%| F|  |TAMS 0x0000000709a00000, 0x0000000709a00000| Untracked 
| 127|0x0000000709b00000, 0x0000000709b00000, 0x0000000709c00000|  0%| F|  |TAMS 0x0000000709b00000, 0x0000000709b00000| Untracked 
| 128|0x0000000709c00000, 0x0000000709c00000, 0x0000000709d00000|  0%| F|  |TAMS 0x0000000709c00000, 0x0000000709c00000| Untracked 
| 129|0x0000000709d00000, 0x0000000709d00000, 0x0000000709e00000|  0%| F|  |TAMS 0x0000000709d00000, 0x0000000709d00000| Untracked 
| 130|0x0000000709e00000, 0x0000000709e00000, 0x0000000709f00000|  0%| F|  |TAMS 0x0000000709e00000, 0x0000000709e00000| Untracked 
| 131|0x0000000709f00000, 0x0000000709f00000, 0x000000070a000000|  0%| F|  |TAMS 0x0000000709f00000, 0x0000000709f00000| Untracked 
| 132|0x000000070a000000, 0x000000070a000000, 0x000000070a100000|  0%| F|  |TAMS 0x000000070a000000, 0x000000070a000000| Untracked 
| 133|0x000000070a100000, 0x000000070a200000, 0x000000070a200000|100%| E|  |TAMS 0x000000070a100000, 0x000000070a100000| Complete 
| 134|0x000000070a200000, 0x000000070a300000, 0x000000070a300000|100%| E|CS|TAMS 0x000000070a200000, 0x000000070a200000| Complete 
| 135|0x000000070a300000, 0x000000070a400000, 0x000000070a400000|100%| E|CS|TAMS 0x000000070a300000, 0x000000070a300000| Complete 
| 136|0x000000070a400000, 0x000000070a500000, 0x000000070a500000|100%| E|CS|TAMS 0x000000070a400000, 0x000000070a400000| Complete 
| 137|0x000000070a500000, 0x000000070a600000, 0x000000070a600000|100%| E|CS|TAMS 0x000000070a500000, 0x000000070a500000| Complete 
| 138|0x000000070a600000, 0x000000070a700000, 0x000000070a700000|100%| E|CS|TAMS 0x000000070a600000, 0x000000070a600000| Complete 
| 139|0x000000070a700000, 0x000000070a800000, 0x000000070a800000|100%| E|CS|TAMS 0x000000070a700000, 0x000000070a700000| Complete 
| 140|0x000000070a800000, 0x000000070a900000, 0x000000070a900000|100%| E|CS|TAMS 0x000000070a800000, 0x000000070a800000| Complete 
| 141|0x000000070a900000, 0x000000070aa00000, 0x000000070aa00000|100%| E|CS|TAMS 0x000000070a900000, 0x000000070a900000| Complete 
| 142|0x000000070aa00000, 0x000000070ab00000, 0x000000070ab00000|100%| E|CS|TAMS 0x000000070aa00000, 0x000000070aa00000| Complete 
| 143|0x000000070ab00000, 0x000000070ac00000, 0x000000070ac00000|100%| E|CS|TAMS 0x000000070ab00000, 0x000000070ab00000| Complete 
| 144|0x000000070ac00000, 0x000000070ad00000, 0x000000070ad00000|100%| E|CS|TAMS 0x000000070ac00000, 0x000000070ac00000| Complete 
| 145|0x000000070ad00000, 0x000000070ae00000, 0x000000070ae00000|100%| E|CS|TAMS 0x000000070ad00000, 0x000000070ad00000| Complete 
| 146|0x000000070ae00000, 0x000000070af00000, 0x000000070af00000|100%| E|CS|TAMS 0x000000070ae00000, 0x000000070ae00000| Complete 
| 147|0x000000070af00000, 0x000000070b000000, 0x000000070b000000|100%| E|CS|TAMS 0x000000070af00000, 0x000000070af00000| Complete 
| 148|0x000000070b000000, 0x000000070b100000, 0x000000070b100000|100%| E|CS|TAMS 0x000000070b000000, 0x000000070b000000| Complete 
| 149|0x000000070b100000, 0x000000070b200000, 0x000000070b200000|100%| E|CS|TAMS 0x000000070b100000, 0x000000070b100000| Complete 
| 150|0x000000070b200000, 0x000000070b300000, 0x000000070b300000|100%| E|CS|TAMS 0x000000070b200000, 0x000000070b200000| Complete 
| 151|0x000000070b300000, 0x000000070b400000, 0x000000070b400000|100%| E|CS|TAMS 0x000000070b300000, 0x000000070b300000| Complete 
| 152|0x000000070b400000, 0x000000070b500000, 0x000000070b500000|100%| E|CS|TAMS 0x000000070b400000, 0x000000070b400000| Complete 
| 153|0x000000070b500000, 0x000000070b600000, 0x000000070b600000|100%| E|CS|TAMS 0x000000070b500000, 0x000000070b500000| Complete 
| 154|0x000000070b600000, 0x000000070b700000, 0x000000070b700000|100%| E|CS|TAMS 0x000000070b600000, 0x000000070b600000| Complete 
| 155|0x000000070b700000, 0x000000070b800000, 0x000000070b800000|100%| E|CS|TAMS 0x000000070b700000, 0x000000070b700000| Complete 
| 156|0x000000070b800000, 0x000000070b900000, 0x000000070b900000|100%| E|CS|TAMS 0x000000070b800000, 0x000000070b800000| Complete 
| 157|0x000000070b900000, 0x000000070ba00000, 0x000000070ba00000|100%| E|CS|TAMS 0x000000070b900000, 0x000000070b900000| Complete 
| 158|0x000000070ba00000, 0x000000070bb00000, 0x000000070bb00000|100%| E|CS|TAMS 0x000000070ba00000, 0x000000070ba00000| Complete 
| 159|0x000000070bb00000, 0x000000070bc00000, 0x000000070bc00000|100%| E|CS|TAMS 0x000000070bb00000, 0x000000070bb00000| Complete 
| 160|0x000000070bc00000, 0x000000070bd00000, 0x000000070bd00000|100%| E|CS|TAMS 0x000000070bc00000, 0x000000070bc00000| Complete 
| 161|0x000000070bd00000, 0x000000070be00000, 0x000000070be00000|100%| E|CS|TAMS 0x000000070bd00000, 0x000000070bd00000| Complete 
| 162|0x000000070be00000, 0x000000070bf00000, 0x000000070bf00000|100%| E|CS|TAMS 0x000000070be00000, 0x000000070be00000| Complete 
| 163|0x000000070bf00000, 0x000000070c000000, 0x000000070c000000|100%| E|CS|TAMS 0x000000070bf00000, 0x000000070bf00000| Complete 
| 164|0x000000070c000000, 0x000000070c100000, 0x000000070c100000|100%| E|CS|TAMS 0x000000070c000000, 0x000000070c000000| Complete 
| 165|0x000000070c100000, 0x000000070c200000, 0x000000070c200000|100%| E|CS|TAMS 0x000000070c100000, 0x000000070c100000| Complete 
| 166|0x000000070c200000, 0x000000070c300000, 0x000000070c300000|100%| E|CS|TAMS 0x000000070c200000, 0x000000070c200000| Complete 
| 167|0x000000070c300000, 0x000000070c400000, 0x000000070c400000|100%| E|CS|TAMS 0x000000070c300000, 0x000000070c300000| Complete 
| 168|0x000000070c400000, 0x000000070c500000, 0x000000070c500000|100%| E|CS|TAMS 0x000000070c400000, 0x000000070c400000| Complete 
| 169|0x000000070c500000, 0x000000070c600000, 0x000000070c600000|100%| E|CS|TAMS 0x000000070c500000, 0x000000070c500000| Complete 
| 170|0x000000070c600000, 0x000000070c700000, 0x000000070c700000|100%| E|CS|TAMS 0x000000070c600000, 0x000000070c600000| Complete 
| 171|0x000000070c700000, 0x000000070c800000, 0x000000070c800000|100%| E|CS|TAMS 0x000000070c700000, 0x000000070c700000| Complete 
| 172|0x000000070c800000, 0x000000070c900000, 0x000000070c900000|100%| E|CS|TAMS 0x000000070c800000, 0x000000070c800000| Complete 
| 173|0x000000070c900000, 0x000000070ca00000, 0x000000070ca00000|100%| E|CS|TAMS 0x000000070c900000, 0x000000070c900000| Complete 
| 174|0x000000070ca00000, 0x000000070cb00000, 0x000000070cb00000|100%| E|CS|TAMS 0x000000070ca00000, 0x000000070ca00000| Complete 
| 175|0x000000070cb00000, 0x000000070cc00000, 0x000000070cc00000|100%| E|CS|TAMS 0x000000070cb00000, 0x000000070cb00000| Complete 
| 176|0x000000070cc00000, 0x000000070cd00000, 0x000000070cd00000|100%| E|CS|TAMS 0x000000070cc00000, 0x000000070cc00000| Complete 
| 177|0x000000070cd00000, 0x000000070ce00000, 0x000000070ce00000|100%| E|CS|TAMS 0x000000070cd00000, 0x000000070cd00000| Complete 
| 178|0x000000070ce00000, 0x000000070cf00000, 0x000000070cf00000|100%| E|CS|TAMS 0x000000070ce00000, 0x000000070ce00000| Complete 
| 179|0x000000070cf00000, 0x000000070d000000, 0x000000070d000000|100%| E|CS|TAMS 0x000000070cf00000, 0x000000070cf00000| Complete 
| 180|0x000000070d000000, 0x000000070d100000, 0x000000070d100000|100%| E|CS|TAMS 0x000000070d000000, 0x000000070d000000| Complete 
| 181|0x000000070d100000, 0x000000070d200000, 0x000000070d200000|100%| E|CS|TAMS 0x000000070d100000, 0x000000070d100000| Complete 
| 182|0x000000070d200000, 0x000000070d300000, 0x000000070d300000|100%| E|CS|TAMS 0x000000070d200000, 0x000000070d200000| Complete 
| 183|0x000000070d300000, 0x000000070d400000, 0x000000070d400000|100%| E|CS|TAMS 0x000000070d300000, 0x000000070d300000| Complete 
| 184|0x000000070d400000, 0x000000070d500000, 0x000000070d500000|100%| E|CS|TAMS 0x000000070d400000, 0x000000070d400000| Complete 
| 185|0x000000070d500000, 0x000000070d600000, 0x000000070d600000|100%| E|CS|TAMS 0x000000070d500000, 0x000000070d500000| Complete 
| 186|0x000000070d600000, 0x000000070d700000, 0x000000070d700000|100%| E|CS|TAMS 0x000000070d600000, 0x000000070d600000| Complete 
| 187|0x000000070d700000, 0x000000070d800000, 0x000000070d800000|100%| E|CS|TAMS 0x000000070d700000, 0x000000070d700000| Complete 
| 188|0x000000070d800000, 0x000000070d900000, 0x000000070d900000|100%| E|CS|TAMS 0x000000070d800000, 0x000000070d800000| Complete 
| 189|0x000000070d900000, 0x000000070da00000, 0x000000070da00000|100%| E|CS|TAMS 0x000000070d900000, 0x000000070d900000| Complete 
| 190|0x000000070da00000, 0x000000070db00000, 0x000000070db00000|100%| E|CS|TAMS 0x000000070da00000, 0x000000070da00000| Complete 
| 191|0x000000070db00000, 0x000000070dc00000, 0x000000070dc00000|100%| E|CS|TAMS 0x000000070db00000, 0x000000070db00000| Complete 
| 192|0x000000070dc00000, 0x000000070dd00000, 0x000000070dd00000|100%| E|CS|TAMS 0x000000070dc00000, 0x000000070dc00000| Complete 
| 193|0x000000070dd00000, 0x000000070de00000, 0x000000070de00000|100%| E|CS|TAMS 0x000000070dd00000, 0x000000070dd00000| Complete 
| 194|0x000000070de00000, 0x000000070df00000, 0x000000070df00000|100%| E|CS|TAMS 0x000000070de00000, 0x000000070de00000| Complete 
| 195|0x000000070df00000, 0x000000070e000000, 0x000000070e000000|100%| E|CS|TAMS 0x000000070df00000, 0x000000070df00000| Complete 
| 196|0x000000070e000000, 0x000000070e100000, 0x000000070e100000|100%| E|CS|TAMS 0x000000070e000000, 0x000000070e000000| Complete 
| 197|0x000000070e100000, 0x000000070e200000, 0x000000070e200000|100%| E|CS|TAMS 0x000000070e100000, 0x000000070e100000| Complete 
| 198|0x000000070e200000, 0x000000070e300000, 0x000000070e300000|100%| E|CS|TAMS 0x000000070e200000, 0x000000070e200000| Complete 
| 199|0x000000070e300000, 0x000000070e400000, 0x000000070e400000|100%| E|CS|TAMS 0x000000070e300000, 0x000000070e300000| Complete 
| 200|0x000000070e400000, 0x000000070e500000, 0x000000070e500000|100%| E|CS|TAMS 0x000000070e400000, 0x000000070e400000| Complete 
| 201|0x000000070e500000, 0x000000070e600000, 0x000000070e600000|100%| E|CS|TAMS 0x000000070e500000, 0x000000070e500000| Complete 
| 202|0x000000070e600000, 0x000000070e700000, 0x000000070e700000|100%| E|CS|TAMS 0x000000070e600000, 0x000000070e600000| Complete 
| 203|0x000000070e700000, 0x000000070e800000, 0x000000070e800000|100%| E|CS|TAMS 0x000000070e700000, 0x000000070e700000| Complete 
| 204|0x000000070e800000, 0x000000070e900000, 0x000000070e900000|100%| E|CS|TAMS 0x000000070e800000, 0x000000070e800000| Complete 
| 205|0x000000070e900000, 0x000000070ea00000, 0x000000070ea00000|100%| E|CS|TAMS 0x000000070e900000, 0x000000070e900000| Complete 
| 206|0x000000070ea00000, 0x000000070eb00000, 0x000000070eb00000|100%| E|CS|TAMS 0x000000070ea00000, 0x000000070ea00000| Complete 
| 207|0x000000070eb00000, 0x000000070ec00000, 0x000000070ec00000|100%| E|CS|TAMS 0x000000070eb00000, 0x000000070eb00000| Complete 
| 208|0x000000070ec00000, 0x000000070ed00000, 0x000000070ed00000|100%| E|CS|TAMS 0x000000070ec00000, 0x000000070ec00000| Complete 
| 209|0x000000070ed00000, 0x000000070ee00000, 0x000000070ee00000|100%| E|CS|TAMS 0x000000070ed00000, 0x000000070ed00000| Complete 
| 210|0x000000070ee00000, 0x000000070ef00000, 0x000000070ef00000|100%| E|CS|TAMS 0x000000070ee00000, 0x000000070ee00000| Complete 
| 211|0x000000070ef00000, 0x000000070f000000, 0x000000070f000000|100%| E|CS|TAMS 0x000000070ef00000, 0x000000070ef00000| Complete 
| 212|0x000000070f000000, 0x000000070f100000, 0x000000070f100000|100%| E|CS|TAMS 0x000000070f000000, 0x000000070f000000| Complete 
| 213|0x000000070f100000, 0x000000070f200000, 0x000000070f200000|100%| E|CS|TAMS 0x000000070f100000, 0x000000070f100000| Complete 
| 214|0x000000070f200000, 0x000000070f300000, 0x000000070f300000|100%| E|CS|TAMS 0x000000070f200000, 0x000000070f200000| Complete 
| 215|0x000000070f300000, 0x000000070f400000, 0x000000070f400000|100%| E|CS|TAMS 0x000000070f300000, 0x000000070f300000| Complete 
| 216|0x000000070f400000, 0x000000070f500000, 0x000000070f500000|100%| E|CS|TAMS 0x000000070f400000, 0x000000070f400000| Complete 
| 217|0x000000070f500000, 0x000000070f600000, 0x000000070f600000|100%| E|CS|TAMS 0x000000070f500000, 0x000000070f500000| Complete 
| 218|0x000000070f600000, 0x000000070f700000, 0x000000070f700000|100%| E|CS|TAMS 0x000000070f600000, 0x000000070f600000| Complete 
| 219|0x000000070f700000, 0x000000070f800000, 0x000000070f800000|100%| E|CS|TAMS 0x000000070f700000, 0x000000070f700000| Complete 
| 220|0x000000070f800000, 0x000000070f900000, 0x000000070f900000|100%| E|CS|TAMS 0x000000070f800000, 0x000000070f800000| Complete 
| 221|0x000000070f900000, 0x000000070fa00000, 0x000000070fa00000|100%| E|CS|TAMS 0x000000070f900000, 0x000000070f900000| Complete 
| 222|0x000000070fa00000, 0x000000070fb00000, 0x000000070fb00000|100%| E|CS|TAMS 0x000000070fa00000, 0x000000070fa00000| Complete 
| 223|0x000000070fb00000, 0x000000070fc00000, 0x000000070fc00000|100%| E|CS|TAMS 0x000000070fb00000, 0x000000070fb00000| Complete 
| 224|0x000000070fc00000, 0x000000070fd00000, 0x000000070fd00000|100%| E|CS|TAMS 0x000000070fc00000, 0x000000070fc00000| Complete 
| 225|0x000000070fd00000, 0x000000070fe00000, 0x000000070fe00000|100%| E|CS|TAMS 0x000000070fd00000, 0x000000070fd00000| Complete 
| 226|0x000000070fe00000, 0x000000070ff00000, 0x000000070ff00000|100%| E|CS|TAMS 0x000000070fe00000, 0x000000070fe00000| Complete 
| 227|0x000000070ff00000, 0x0000000710000000, 0x0000000710000000|100%| E|CS|TAMS 0x000000070ff00000, 0x000000070ff00000| Complete 
| 228|0x0000000710000000, 0x0000000710100000, 0x0000000710100000|100%| E|CS|TAMS 0x0000000710000000, 0x0000000710000000| Complete 
| 229|0x0000000710100000, 0x0000000710200000, 0x0000000710200000|100%| E|CS|TAMS 0x0000000710100000, 0x0000000710100000| Complete 
| 230|0x0000000710200000, 0x0000000710300000, 0x0000000710300000|100%| E|CS|TAMS 0x0000000710200000, 0x0000000710200000| Complete 
| 231|0x0000000710300000, 0x0000000710400000, 0x0000000710400000|100%| E|CS|TAMS 0x0000000710300000, 0x0000000710300000| Complete 
| 232|0x0000000710400000, 0x0000000710500000, 0x0000000710500000|100%| E|CS|TAMS 0x0000000710400000, 0x0000000710400000| Complete 
| 233|0x0000000710500000, 0x0000000710600000, 0x0000000710600000|100%| E|CS|TAMS 0x0000000710500000, 0x0000000710500000| Complete 
| 234|0x0000000710600000, 0x0000000710700000, 0x0000000710700000|100%| E|CS|TAMS 0x0000000710600000, 0x0000000710600000| Complete 
| 235|0x0000000710700000, 0x0000000710800000, 0x0000000710800000|100%| E|CS|TAMS 0x0000000710700000, 0x0000000710700000| Complete 
| 236|0x0000000710800000, 0x0000000710900000, 0x0000000710900000|100%| E|CS|TAMS 0x0000000710800000, 0x0000000710800000| Complete 
| 237|0x0000000710900000, 0x0000000710a00000, 0x0000000710a00000|100%| E|CS|TAMS 0x0000000710900000, 0x0000000710900000| Complete 
| 238|0x0000000710a00000, 0x0000000710b00000, 0x0000000710b00000|100%| E|CS|TAMS 0x0000000710a00000, 0x0000000710a00000| Complete 
| 239|0x0000000710b00000, 0x0000000710c00000, 0x0000000710c00000|100%| E|CS|TAMS 0x0000000710b00000, 0x0000000710b00000| Complete 
| 240|0x0000000710c00000, 0x0000000710d00000, 0x0000000710d00000|100%| E|CS|TAMS 0x0000000710c00000, 0x0000000710c00000| Complete 
| 241|0x0000000710d00000, 0x0000000710e00000, 0x0000000710e00000|100%| E|CS|TAMS 0x0000000710d00000, 0x0000000710d00000| Complete 
| 242|0x0000000710e00000, 0x0000000710f00000, 0x0000000710f00000|100%| E|CS|TAMS 0x0000000710e00000, 0x0000000710e00000| Complete 
| 243|0x0000000710f00000, 0x0000000711000000, 0x0000000711000000|100%| E|CS|TAMS 0x0000000710f00000, 0x0000000710f00000| Complete 
| 244|0x0000000711000000, 0x0000000711100000, 0x0000000711100000|100%| E|CS|TAMS 0x0000000711000000, 0x0000000711000000| Complete 
| 245|0x0000000711100000, 0x0000000711200000, 0x0000000711200000|100%| E|CS|TAMS 0x0000000711100000, 0x0000000711100000| Complete 
| 246|0x0000000711200000, 0x0000000711300000, 0x0000000711300000|100%| E|CS|TAMS 0x0000000711200000, 0x0000000711200000| Complete 
| 247|0x0000000711300000, 0x0000000711400000, 0x0000000711400000|100%| E|CS|TAMS 0x0000000711300000, 0x0000000711300000| Complete 
| 248|0x0000000711400000, 0x0000000711500000, 0x0000000711500000|100%| E|CS|TAMS 0x0000000711400000, 0x0000000711400000| Complete 
| 249|0x0000000711500000, 0x0000000711600000, 0x0000000711600000|100%| E|CS|TAMS 0x0000000711500000, 0x0000000711500000| Complete 
| 250|0x0000000711600000, 0x0000000711700000, 0x0000000711700000|100%| E|CS|TAMS 0x0000000711600000, 0x0000000711600000| Complete 
| 251|0x0000000711700000, 0x0000000711800000, 0x0000000711800000|100%| E|CS|TAMS 0x0000000711700000, 0x0000000711700000| Complete 
| 252|0x0000000711800000, 0x0000000711900000, 0x0000000711900000|100%| E|CS|TAMS 0x0000000711800000, 0x0000000711800000| Complete 
| 253|0x0000000711900000, 0x0000000711a00000, 0x0000000711a00000|100%| E|CS|TAMS 0x0000000711900000, 0x0000000711900000| Complete 
| 254|0x0000000711a00000, 0x0000000711b00000, 0x0000000711b00000|100%| E|CS|TAMS 0x0000000711a00000, 0x0000000711a00000| Complete 
| 255|0x0000000711b00000, 0x0000000711c00000, 0x0000000711c00000|100%| E|CS|TAMS 0x0000000711b00000, 0x0000000711b00000| Complete 

Card table byte_map: [0x000001c47cde0000,0x000001c47d5e0000] _byte_map_base: 0x000001c4795d2000

Marking Bits (Prev, Next): (CMBitMap*) 0x000001c4748b4510, (CMBitMap*) 0x000001c4748b44d8
 Prev Bits: [0x000001c412f90000, 0x000001c416f20000)
 Next Bits: [0x000001c40f000000, 0x000001c412f90000)

Polling page: 0x000001c4747e0000

Metaspace:

Usage:
  Non-class:     52.37 MB capacity,    51.09 MB ( 98%) used,     1.03 MB (  2%) free+waste,   251.25 KB ( <1%) overhead. 
      Class:      8.53 MB capacity,     7.67 MB ( 90%) used,   750.37 KB (  9%) free+waste,   129.63 KB (  1%) overhead. 
       Both:     60.90 MB capacity,    58.76 MB ( 96%) used,     1.77 MB (  3%) free+waste,   380.88 KB ( <1%) overhead. 

Virtual space:
  Non-class space:       54.00 MB reserved,      52.45 MB ( 97%) committed 
      Class space:        1.00 GB reserved,       8.63 MB ( <1%) committed 
             Both:        1.05 GB reserved,      61.08 MB (  6%) committed 

Chunk freelists:
   Non-Class:  2.88 KB
       Class:  512 bytes
        Both:  3.38 KB

CodeHeap 'non-profiled nmethods': size=238912Kb used=16982Kb max_used=16982Kb free=221929Kb
 bounds [0x000001c4006b0000, 0x000001c401750000, 0x000001c40f000000]
CodeHeap 'non-nmethods': size=6848Kb used=1243Kb max_used=1243Kb free=5604Kb
 bounds [0x000001c400000000, 0x000001c400270000, 0x000001c4006b0000]
 total_blobs=10585 nmethods=9974 adapters=536
 compilation: enabled
              stopped_count=0, restarted_count=0
 full_count=0

Compilation events (10 events):
Event: 235581.793 Thread 0x000001c417c26800 9973       1       com.netflix.discovery.shared.resolver.ResolverUtils::splitByZone (159 bytes)
Event: 235581.794 Thread 0x000001c417c26800 nmethod 9973 0x000001c401742790 code [0x000001c401742a60, 0x000001c401743a78]
Event: 235581.794 Thread 0x000001c417c26800 9972       1       org.springframework.cloud.netflix.eureka.EurekaClientConfigBean::endsWithSlash (7 bytes)
Event: 235581.794 Thread 0x000001c417c26800 nmethod 9972 0x000001c401744190 code [0x000001c401744320, 0x000001c401744428]
Event: 235581.794 Thread 0x000001c417c26800 9974       1       com.netflix.discovery.shared.resolver.aws.ZoneAffinityClusterResolver::randomizeAndMerge (70 bytes)
Event: 235581.795 Thread 0x000001c417c26800 nmethod 9974 0x000001c401744510 code [0x000001c401744780, 0x000001c401744de8]
Event: 235581.795 Thread 0x000001c417c26800 9975       1       com.netflix.discovery.DiscoveryClient$$Lambda$1167/0x00000008007b8040::randomize (5 bytes)
Event: 235581.795 Thread 0x000001c417c26800 nmethod 9975 0x000001c401745190 code [0x000001c401745340, 0x000001c4017454c8]
Event: 235581.795 Thread 0x000001c417c26800 9976       1       com.netflix.discovery.shared.resolver.ResolverUtils::randomize (30 bytes)
Event: 235581.796 Thread 0x000001c417c26800 nmethod 9976 0x000001c401745610 code [0x000001c4017457c0, 0x000001c401745928]

GC Heap History (10 events):
Event: 179925.664 GC heap before
{Heap before GC invocations=30 (full 0):
 garbage-first heap   total 262144K, used 186641K [0x0000000701c00000, 0x0000000800000000)
  region size 1024K, 153 young (156672K), 1 survivors (1024K)
 Metaspace       used 60164K, capacity 62357K, committed 62544K, reserved 1103872K
  class space    used 7852K, capacity 8732K, committed 8832K, reserved 1048576K
}
Event: 179925.670 GC heap after
{Heap after GC invocations=31 (full 0):
 garbage-first heap   total 262144K, used 31038K [0x0000000701c00000, 0x0000000800000000)
  region size 1024K, 1 young (1024K), 1 survivors (1024K)
 Metaspace       used 60164K, capacity 62357K, committed 62544K, reserved 1103872K
  class space    used 7852K, capacity 8732K, committed 8832K, reserved 1048576K
}
Event: 184689.050 GC heap before
{Heap before GC invocations=31 (full 0):
 garbage-first heap   total 262144K, used 186686K [0x0000000701c00000, 0x0000000800000000)
  region size 1024K, 153 young (156672K), 1 survivors (1024K)
 Metaspace       used 60168K, capacity 62357K, committed 62544K, reserved 1103872K
  class space    used 7852K, capacity 8732K, committed 8832K, reserved 1048576K
}
Event: 184689.054 GC heap after
{Heap after GC invocations=32 (full 0):
 garbage-first heap   total 262144K, used 31046K [0x0000000701c00000, 0x0000000800000000)
  region size 1024K, 1 young (1024K), 1 survivors (1024K)
 Metaspace       used 60168K, capacity 62357K, committed 62544K, reserved 1103872K
  class space    used 7852K, capacity 8732K, committed 8832K, reserved 1048576K
}
Event: 189607.250 GC heap before
{Heap before GC invocations=32 (full 0):
 garbage-first heap   total 262144K, used 186694K [0x0000000701c00000, 0x0000000800000000)
  region size 1024K, 153 young (156672K), 1 survivors (1024K)
 Metaspace       used 60168K, capacity 62357K, committed 62544K, reserved 1103872K
  class space    used 7852K, capacity 8732K, committed 8832K, reserved 1048576K
}
Event: 189607.255 GC heap after
{Heap after GC invocations=33 (full 0):
 garbage-first heap   total 262144K, used 30942K [0x0000000701c00000, 0x0000000800000000)
  region size 1024K, 1 young (1024K), 1 survivors (1024K)
 Metaspace       used 60168K, capacity 62357K, committed 62544K, reserved 1103872K
  class space    used 7852K, capacity 8732K, committed 8832K, reserved 1048576K
}
Event: 227535.472 GC heap before
{Heap before GC invocations=33 (full 0):
 garbage-first heap   total 262144K, used 186590K [0x0000000701c00000, 0x0000000800000000)
  region size 1024K, 153 young (156672K), 1 survivors (1024K)
 Metaspace       used 60168K, capacity 62357K, committed 62544K, reserved 1103872K
  class space    used 7852K, capacity 8732K, committed 8832K, reserved 1048576K
}
Event: 227535.480 GC heap after
{Heap after GC invocations=34 (full 0):
 garbage-first heap   total 262144K, used 31027K [0x0000000701c00000, 0x0000000800000000)
  region size 1024K, 1 young (1024K), 1 survivors (1024K)
 Metaspace       used 60168K, capacity 62357K, committed 62544K, reserved 1103872K
  class space    used 7852K, capacity 8732K, committed 8832K, reserved 1048576K
}
Event: 232422.645 GC heap before
{Heap before GC invocations=34 (full 0):
 garbage-first heap   total 262144K, used 186675K [0x0000000701c00000, 0x0000000800000000)
  region size 1024K, 153 young (156672K), 1 survivors (1024K)
 Metaspace       used 60168K, capacity 62357K, committed 62544K, reserved 1103872K
  class space    used 7852K, capacity 8732K, committed 8832K, reserved 1048576K
}
Event: 232422.650 GC heap after
{Heap after GC invocations=35 (full 0):
 garbage-first heap   total 262144K, used 30956K [0x0000000701c00000, 0x0000000800000000)
  region size 1024K, 1 young (1024K), 1 survivors (1024K)
 Metaspace       used 60168K, capacity 62357K, committed 62544K, reserved 1103872K
  class space    used 7852K, capacity 8732K, committed 8832K, reserved 1048576K
}

Deoptimization events (0 events):
No events

Classes redefined (0 events):
No events

Internal exceptions (10 events):
Event: 236058.835 Thread 0x000001c41c37a000 Exception <a 'java/net/SocketTimeoutException'{0x000000070ad1f460}: Read timed out> (0x000000070ad1f460) thrown at [./open/src/hotspot/share/prims/jni.cpp, line 632]
Event: 236088.866 Thread 0x000001c41c37a000 Exception <a 'java/net/SocketTimeoutException'{0x000000070ad277e8}: Read timed out> (0x000000070ad277e8) thrown at [./open/src/hotspot/share/prims/jni.cpp, line 632]
Event: 236118.891 Thread 0x000001c41c37a000 Exception <a 'java/net/SocketTimeoutException'{0x000000070ad2fb70}: Read timed out> (0x000000070ad2fb70) thrown at [./open/src/hotspot/share/prims/jni.cpp, line 632]
Event: 236148.909 Thread 0x000001c41c37a000 Exception <a 'java/net/SocketTimeoutException'{0x000000070a88b170}: Read timed out> (0x000000070a88b170) thrown at [./open/src/hotspot/share/prims/jni.cpp, line 632]
Event: 236178.930 Thread 0x000001c41c37a000 Exception <a 'java/net/SocketTimeoutException'{0x000000070a8934f8}: Read timed out> (0x000000070a8934f8) thrown at [./open/src/hotspot/share/prims/jni.cpp, line 632]
Event: 236208.949 Thread 0x000001c41c37a000 Exception <a 'java/net/SocketTimeoutException'{0x000000070a89b880}: Read timed out> (0x000000070a89b880) thrown at [./open/src/hotspot/share/prims/jni.cpp, line 632]
Event: 236238.973 Thread 0x000001c41c37a000 Exception <a 'java/net/SocketTimeoutException'{0x000000070a8a3c08}: Read timed out> (0x000000070a8a3c08) thrown at [./open/src/hotspot/share/prims/jni.cpp, line 632]
Event: 236269.002 Thread 0x000001c41c37a000 Exception <a 'java/net/SocketTimeoutException'{0x000000070a8abf90}: Read timed out> (0x000000070a8abf90) thrown at [./open/src/hotspot/share/prims/jni.cpp, line 632]
Event: 236299.024 Thread 0x000001c41c37a000 Exception <a 'java/net/SocketTimeoutException'{0x000000070a8b4318}: Read timed out> (0x000000070a8b4318) thrown at [./open/src/hotspot/share/prims/jni.cpp, line 632]
Event: 236329.043 Thread 0x000001c41c37a000 Exception <a 'java/net/SocketTimeoutException'{0x000000070a390ea8}: Read timed out> (0x000000070a390ea8) thrown at [./open/src/hotspot/share/prims/jni.cpp, line 632]

Events (10 events):
Event: 236355.175 loading class com/fasterxml/jackson/datatype/joda$JodaModule
Event: 236355.175 loading class com/fasterxml/jackson/datatype/joda$JodaModule done
Event: 236355.175 loading class com/fasterxml/jackson/datatype/joda/JodaModule
Event: 236355.175 loading class com/fasterxml/jackson/datatype/joda/JodaModule done
Event: 236355.175 loading class com/fasterxml/jackson/datatype/joda$JodaModule
Event: 236355.175 loading class com/fasterxml/jackson/datatype/joda$JodaModule done
Event: 236355.175 loading class com/fasterxml/jackson/datatype/joda/JodaModule
Event: 236355.175 loading class com/fasterxml/jackson/datatype/joda/JodaModule done
Event: 236355.175 loading class com/fasterxml/jackson/datatype/joda$JodaModule
Event: 236355.175 loading class com/fasterxml/jackson/datatype/joda$JodaModule done


Dynamic libraries:
0x00007ff7718e0000 - 0x00007ff7718ef000 	C:\Program Files\Java\jdk-11.0.16\bin\java.exe
0x00007fff422b0000 - 0x00007fff424a8000 	C:\Windows\SYSTEM32\ntdll.dll
0x00007fff403b0000 - 0x00007fff4046d000 	C:\Windows\System32\KERNEL32.DLL
0x00007fff3fc10000 - 0x00007fff3fede000 	C:\Windows\System32\KERNELBASE.dll
0x00007fff40740000 - 0x00007fff407ee000 	C:\Windows\System32\ADVAPI32.DLL
0x00007fff40c30000 - 0x00007fff40cce000 	C:\Windows\System32\msvcrt.dll
0x00007fff40500000 - 0x00007fff4059c000 	C:\Windows\System32\sechost.dll
0x00007fff405a0000 - 0x00007fff406c5000 	C:\Windows\System32\RPCRT4.dll
0x00007fff40000000 - 0x00007fff40100000 	C:\Windows\System32\ucrtbase.dll
0x00007fff22b90000 - 0x00007fff22ba8000 	C:\Program Files\Java\jdk-11.0.16\bin\jli.dll
0x00007fff188a0000 - 0x00007fff188b5000 	C:\Program Files\Java\jdk-11.0.16\bin\VCRUNTIME140.dll
0x00007fff40fd0000 - 0x00007fff41170000 	C:\Windows\System32\USER32.dll
0x00007fff3fbe0000 - 0x00007fff3fc02000 	C:\Windows\System32\win32u.dll
0x00007fff40310000 - 0x00007fff4033a000 	C:\Windows\System32\GDI32.dll
0x00007fff3fa60000 - 0x00007fff3fb6b000 	C:\Windows\System32\gdi32full.dll
0x00007fff3ff30000 - 0x00007fff3ffcd000 	C:\Windows\System32\msvcp_win.dll
0x00007fff2cb00000 - 0x00007fff2cd9a000 	C:\Windows\WinSxS\amd64_microsoft.windows.common-controls_6595b64144ccf1df_6.0.19041.1110_none_60b5254171f9507e\COMCTL32.dll
0x00007fff2ec00000 - 0x00007fff2ec0a000 	C:\Windows\SYSTEM32\VERSION.dll
0x00007fff40470000 - 0x00007fff404a0000 	C:\Windows\System32\IMM32.DLL
0x000001c474800000 - 0x000001c474814000 	C:\Windows\System32\umppc16510.dll
0x00007ffedee90000 - 0x00007ffedef2b000 	C:\Program Files\Java\jdk-11.0.16\bin\msvcp140.dll
0x00007ffedcec0000 - 0x00007ffedd9d8000 	C:\Program Files\Java\jdk-11.0.16\bin\server\jvm.dll
0x00007fff403a0000 - 0x00007fff403a8000 	C:\Windows\System32\PSAPI.DLL
0x00007fff29c70000 - 0x00007fff29c79000 	C:\Windows\SYSTEM32\WSOCK32.dll
0x00007fff407f0000 - 0x00007fff4085b000 	C:\Windows\System32\WS2_32.dll
0x00007fff29c40000 - 0x00007fff29c67000 	C:\Windows\SYSTEM32\WINMM.dll
0x00007fff3e200000 - 0x00007fff3e212000 	C:\Windows\SYSTEM32\kernel.appcore.dll
0x00007fff30770000 - 0x00007fff30780000 	C:\Program Files\Java\jdk-11.0.16\bin\verify.dll
0x00007fff3df00000 - 0x00007fff3e0e4000 	C:\Windows\SYSTEM32\DBGHELP.DLL
0x00007fff26b10000 - 0x00007fff26b3c000 	C:\Windows\SYSTEM32\dbgcore.DLL
0x00007fff3f9d0000 - 0x00007fff3fa52000 	C:\Windows\System32\bcryptPrimitives.dll
0x00007fff17180000 - 0x00007fff171a8000 	C:\Program Files\Java\jdk-11.0.16\bin\java.dll
0x00007fff2cdd0000 - 0x00007fff2cdda000 	C:\Program Files\Java\jdk-11.0.16\bin\jimage.dll
0x00007fff22b80000 - 0x00007fff22b8e000 	C:\Program Files\Java\jdk-11.0.16\bin\instrument.dll
0x00007fff0fe00000 - 0x00007fff0fe16000 	C:\Program Files\Java\jdk-11.0.16\bin\zip.dll
0x00007fff41280000 - 0x00007fff419c3000 	C:\Windows\System32\SHELL32.dll
0x00007fff3d760000 - 0x00007fff3def5000 	C:\Windows\SYSTEM32\windows.storage.dll
0x00007fff40860000 - 0x00007fff40bb4000 	C:\Windows\System32\combase.dll
0x00007fff3f360000 - 0x00007fff3f390000 	C:\Windows\SYSTEM32\Wldp.dll
0x00007fff40f20000 - 0x00007fff40fcd000 	C:\Windows\System32\SHCORE.dll
0x00007fff40340000 - 0x00007fff40395000 	C:\Windows\System32\shlwapi.dll
0x00007fff3f910000 - 0x00007fff3f92f000 	C:\Windows\SYSTEM32\profapi.dll
0x00007fff0a0a0000 - 0x00007fff0a0b9000 	C:\Program Files\Java\jdk-11.0.16\bin\net.dll
0x00007fff2d550000 - 0x00007fff2d65a000 	C:\Windows\SYSTEM32\WINHTTP.dll
0x00007fff3f0c0000 - 0x00007fff3f12a000 	C:\Windows\system32\mswsock.dll
0x00007ffedee30000 - 0x00007ffedee42000 	C:\Program Files\Java\jdk-11.0.16\bin\nio.dll
0x00007fff22b60000 - 0x00007fff22b7a000 	C:\Users\rasintha_j\AppData\Local\JetBrains\Toolbox\apps\IDEA-U\ch-0\223.8836.41\bin\breakgen64.dll
0x00007fff3edf0000 - 0x00007fff3eeba000 	C:\Windows\SYSTEM32\DNSAPI.dll
0x00007fff3edb0000 - 0x00007fff3edeb000 	C:\Windows\SYSTEM32\IPHLPAPI.DLL
0x00007fff40bc0000 - 0x00007fff40bc8000 	C:\Windows\System32\NSI.dll
0x00007fff2d460000 - 0x00007fff2d46a000 	C:\Windows\System32\rasadhlp.dll
0x00007fff39f50000 - 0x00007fff39fd0000 	C:\Windows\System32\fwpuclnt.dll
0x00007fff3ffd0000 - 0x00007fff3fff7000 	C:\Windows\System32\bcrypt.dll
0x00007fff3afb0000 - 0x00007fff3afb9000 	C:\Program Files\Java\jdk-11.0.16\bin\management.dll
0x00007fff388e0000 - 0x00007fff388eb000 	C:\Program Files\Java\jdk-11.0.16\bin\management_ext.dll
0x00007fff3f2b0000 - 0x00007fff3f2c8000 	C:\Windows\SYSTEM32\CRYPTSP.dll
0x00007fff3ea40000 - 0x00007fff3ea74000 	C:\Windows\system32\rsaenh.dll
0x00007fff3f8d0000 - 0x00007fff3f8fe000 	C:\Windows\SYSTEM32\USERENV.dll
0x00007fff3f2d0000 - 0x00007fff3f2dc000 	C:\Windows\SYSTEM32\CRYPTBASE.dll
0x00007fff39a40000 - 0x00007fff39a57000 	C:\Windows\SYSTEM32\dhcpcsvc6.DLL
0x00007fff39a20000 - 0x00007fff39a3d000 	C:\Windows\SYSTEM32\dhcpcsvc.DLL
0x00007fff1e390000 - 0x00007fff1e3a7000 	C:\Windows\system32\napinsp.dll
0x00007fff1ddb0000 - 0x00007fff1ddcb000 	C:\Windows\system32\pnrpnsp.dll
0x00007fff1dd90000 - 0x00007fff1dda5000 	C:\Windows\system32\wshbth.dll
0x00007fff3aee0000 - 0x00007fff3aefd000 	C:\Windows\system32\NLAapi.dll
0x00007fff1dac0000 - 0x00007fff1dad2000 	C:\Windows\System32\winrnr.dll
0x00007fff16b40000 - 0x00007fff16b4d000 	C:\Program Files\Java\jdk-11.0.16\bin\sunmscapi.dll
0x00007fff401b0000 - 0x00007fff40306000 	C:\Windows\System32\CRYPT32.dll
0x00007fff3f3d0000 - 0x00007fff3f3f7000 	C:\Windows\SYSTEM32\ncrypt.dll
0x00007fff3f390000 - 0x00007fff3f3cb000 	C:\Windows\SYSTEM32\NTASN1.dll
0x00007fff08ee0000 - 0x00007fff08f05000 	C:\Program Files\Java\jdk-11.0.16\bin\sunec.dll

dbghelp: loaded successfully - version: 4.0.5 - missing functions: none
symbol engine: initialized successfully - sym options: 0x614 - pdb path: .;C:\Program Files\Java\jdk-11.0.16\bin;C:\Windows\SYSTEM32;C:\Windows\WinSxS\amd64_microsoft.windows.common-controls_6595b64144ccf1df_6.0.19041.1110_none_60b5254171f9507e;C:\Program Files\Java\jdk-11.0.16\bin\server;C:\Users\rasintha_j\AppData\Local\JetBrains\Toolbox\apps\IDEA-U\ch-0\223.8836.41\bin

VM Arguments:
jvm_args: -XX:TieredStopAtLevel=1 -Xverify:none -Dspring.output.ansi.enabled=always -Dcom.sun.management.jmxremote -Dspring.jmx.enabled=true -Dspring.liveBeansView.mbeanDomain -Dspring.application.admin.enabled=true -Dmanagement.endpoints.jmx.exposure.include=* -javaagent:C:\Users\rasintha_j\AppData\Local\JetBrains\Toolbox\apps\IDEA-U\ch-0\223.8836.41\lib\idea_rt.jar=50953:C:\Users\rasintha_j\AppData\Local\JetBrains\Toolbox\apps\IDEA-U\ch-0\223.8836.41\bin -Dfile.encoding=UTF-8 
java_command: com.epic.cms.SpringCloudConfigServer
java_class_path (initial): C:\Users\rasintha_j\Documents\EOD_PRODUCT\ecms_eod_product\EODDashboardHandler\SpringCloudConfigServer\target\classes;C:\Users\rasintha_j\.m2\repository\org\springframework\cloud\spring-cloud-config-server\3.1.3\spring-cloud-config-server-3.1.3.jar;C:\Users\rasintha_j\.m2\repository\org\springframework\cloud\spring-cloud-config-client\3.1.3\spring-cloud-config-client-3.1.3.jar;C:\Users\rasintha_j\.m2\repository\org\springframework\boot\spring-boot-autoconfigure\2.7.2\spring-boot-autoconfigure-2.7.2.jar;C:\Users\rasintha_j\.m2\repository\org\springframework\cloud\spring-cloud-commons\3.1.3\spring-cloud-commons-3.1.3.jar;C:\Users\rasintha_j\.m2\repository\org\springframework\cloud\spring-cloud-context\3.1.3\spring-cloud-context-3.1.3.jar;C:\Users\rasintha_j\.m2\repository\org\springframework\spring-web\5.3.22\spring-web-5.3.22.jar;C:\Users\rasintha_j\.m2\repository\com\fasterxml\jackson\core\jackson-annotations\2.13.3\jackson-annotations-2.13.3.jar;C:\Users\rasintha_j\.m2\repository\com\fasterxml\jackson\core\jackson-databind\2.13.3\jackson-databind-2.13.3.jar;C:\Users\rasintha_j\.m2\repository\org\apache\httpcomponents\httpclient\4.5.13\httpclient-4.5.13.jar;C:\Users\rasintha_j\.m2\repository\commons-codec\commons-codec\1.15\commons-codec-1.15.jar;C:\Users\rasintha_j\.m2\repository\org\springframework\boot\spring-boot-starter-web\2.7.2\spring-boot-starter-web-2.7.2.jar;C:\Users\rasintha_j\.m2\repository\org\springframework\boot\spring-boot-starter-json\2.7.2\spring-boot-starter-json-2.7.2.jar;C:\Users\rasintha_j\.m2\repository\com\fasterxml\jackson\module\jackson-module-parameter-names\2.13.3\jackson-module-parameter-names-2.13.3.jar;C:\Users\rasintha_j\.m2\repository\org\springframework\boot\spring-boot-starter-tomcat\2.7.2\spring-boot-starter-tomcat-2.7.2.jar;C:\Users\rasintha_j\.m2\repository\org\apache\tomcat\embed\tomcat-embed-core\9.0.65\tomcat-embed-core-9.0.65.jar;C:\Users\rasintha_j\.m2\repository\org\apache\tomcat\embed\tomcat-e
Launcher Type: SUN_STANDARD

[Global flags]
     bool BytecodeVerificationLocal                = false                                     {product} {command line}
     bool BytecodeVerificationRemote               = false                                     {product} {command line}
     intx CICompilerCount                          = 3                                         {product} {ergonomic}
     uint ConcGCThreads                            = 1                                         {product} {ergonomic}
     uint G1ConcRefinementThreads                  = 4                                         {product} {ergonomic}
   size_t G1HeapRegionSize                         = 1048576                                   {product} {ergonomic}
    uintx GCDrainStackTargetSize                   = 64                                        {product} {ergonomic}
   size_t InitialHeapSize                          = 268435456                                 {product} {ergonomic}
     bool ManagementServer                         = true                                      {product} {command line}
   size_t MarkStackSize                            = 4194304                                   {product} {ergonomic}
   size_t MaxHeapSize                              = 4265607168                                {product} {ergonomic}
   size_t MaxNewSize                               = 2558525440                                {product} {ergonomic}
   size_t MinHeapDeltaBytes                        = 1048576                                   {product} {ergonomic}
    uintx NonNMethodCodeHeapSize                   = 6973028                                {pd product} {ergonomic}
    uintx NonProfiledCodeHeapSize                  = 244685212                              {pd product} {ergonomic}
    uintx ProfiledCodeHeapSize                     = 0                                      {pd product} {ergonomic}
    uintx ReservedCodeCacheSize                    = 251658240                              {pd product} {ergonomic}
     bool SegmentedCodeCache                       = true                                      {product} {ergonomic}
     intx TieredStopAtLevel                        = 1                                         {product} {command line}
     bool UseCompressedClassPointers               = true                                 {lp64_product} {ergonomic}
     bool UseCompressedOops                        = true                                 {lp64_product} {ergonomic}
     bool UseG1GC                                  = true                                      {product} {ergonomic}
     bool UseLargePagesIndividualAllocation        = false                                  {pd product} {ergonomic}

Logging:
Log output configuration:
 #0: stdout all=warning uptime,level,tags
 #1: stderr all=off uptime,level,tags

Environment Variables:
PATH=C:\oraclexe\app\oracle\product\11.2.0\server\bin;;C:\Program Files (x86)\Common Files\Oracle\Java\javapath;C:\Program Files\Java\jdk-11.0.16\bin;C:\oraclexe\app\oracle\product\11.2.0\server\bin;C:\Program Files\Common Files\Oracle\Java\javapath;C:\Windows\system32;C:\Windows;C:\Windows\System32\Wbem;C:\Windows\System32\WindowsPowerShell\v1.0\;C:\Windows\System32\OpenSSH\;C:\Program Files (x86)\Intel\Intel(R) Management Engine Components\DAL;C:\Program Files\Intel\Intel(R) Management Engine Components\DAL;C:\Program Files\Java\jdk1.8.0_271\bin;C:\Program Files\Java\jdk1.7.0_80\bin;C:\Program Files (x86)\nodejs\;C:\Users\rasintha_j\AppData\Local\Microsoft\WindowsApps;C:\Program Files\JetBrains\IntelliJ IDEA 2020.3.2\bin;C:\Users\rasintha_j\AppData\Local\Programs\Git\cmd;C:\Users\rasintha_j\AppData\Local\Programs\Git\mingw64\bin;C:\Users\rasintha_j\AppData\Local\Programs\Git\usr\bin;C:\Users\rasintha_j\AppData\Local\JetBrains\Toolbox\scripts;;C:\Users\rasintha_j\AppData\Local\Programs\Microsoft VS Code\bin
USERNAME=rasintha_j
OS=Windows_NT
PROCESSOR_IDENTIFIER=Intel64 Family 6 Model 142 Stepping 9, GenuineIntel



---------------  S Y S T E M  ---------------

OS: Windows 10 , 64 bit Build 19041 (10.0.19041.1889)

CPU:total 4 (initial active 4) (2 cores per cpu, 2 threads per core) family 6 model 142 stepping 9 microcode 0xf0, cmov, cx8, fxsr, mmx, sse, sse2, sse3, ssse3, sse4.1, sse4.2, popcnt, avx, avx2, aes, clmul, erms, rtm, 3dnowpref, lzcnt, ht, tsc, tscinvbit, bmi1, bmi2, adx, fma

Memory: 4k page, system-wide physical 16265M (4040M free)
TotalPageFile size 32137M (AvailPageFile size 12608M)
current process WorkingSet (physical memory assigned to process): 215M, peak: 315M
current process commit charge ("private bytes"): 433M, peak: 435M

vm_info: Java HotSpot(TM) 64-Bit Server VM (11.0.16+11-LTS-199) for windows-amd64 JRE (11.0.16+11-LTS-199), built on Jun 28 2022 08:23:17 by "mach5one" with MS VC++ 15.9 (VS2017)

END.
